{"/home/travis/build/npmtest/node-npmtest-browsernizr/test.js":{"path":"/home/travis/build/npmtest/node-npmtest-browsernizr/test.js","s":{"1":2,"2":2,"3":2,"4":2,"5":2,"6":2,"7":2,"8":1,"9":2,"10":2,"11":1,"12":1,"13":1,"14":1,"15":2,"16":2,"17":2,"18":2,"19":1,"20":1,"21":2,"22":2,"23":2,"24":1,"25":1,"26":1,"27":1,"28":1,"29":1,"30":1,"31":1,"32":1,"33":1,"34":1,"35":1,"36":1,"37":1,"38":1,"39":2,"40":2,"41":1,"42":2,"43":2,"44":1,"45":2,"46":2,"47":1,"48":2,"49":2,"50":1,"51":1,"52":1,"53":1,"54":1},"b":{"1":[2,1,1,1],"2":[1,1,1,1],"3":[1,1],"4":[1,1],"5":[1,1],"6":[1,1],"7":[1,1],"8":[1,1],"9":[1,1],"10":[1,1,1],"11":[1,1],"12":[1,1],"13":[1,1],"14":[1,1],"15":[1,1],"16":[1,1],"17":[1,1]},"f":{"1":2,"2":2,"3":2,"4":2,"5":2,"6":1,"7":1,"8":1,"9":2,"10":2,"11":2,"12":2,"13":1},"fnMap":{"1":{"name":"(anonymous_1)","line":12,"loc":{"start":{"line":12,"column":1},"end":{"line":12,"column":13}}},"2":{"name":"(anonymous_2)","line":19,"loc":{"start":{"line":19,"column":5},"end":{"line":19,"column":17}}},"3":{"name":"(anonymous_3)","line":23,"loc":{"start":{"line":23,"column":24},"end":{"line":23,"column":36}}},"4":{"name":"(anonymous_4)","line":61,"loc":{"start":{"line":61,"column":5},"end":{"line":61,"column":17}}},"5":{"name":"(anonymous_5)","line":82,"loc":{"start":{"line":82,"column":5},"end":{"line":82,"column":17}}},"6":{"name":"(anonymous_6)","line":91,"loc":{"start":{"line":91,"column":77},"end":{"line":94,"column":10}}},"7":{"name":"(anonymous_7)","line":112,"loc":{"start":{"line":112,"column":83},"end":{"line":115,"column":10}},"skip":true},"8":{"name":"(anonymous_8)","line":123,"loc":{"start":{"line":123,"column":77},"end":{"line":126,"column":10}},"skip":true},"9":{"name":"(anonymous_9)","line":139,"loc":{"start":{"line":139,"column":12},"end":{"line":139,"column":40}},"skip":true},"10":{"name":"(anonymous_10)","line":147,"loc":{"start":{"line":147,"column":77},"end":{"line":150,"column":10}},"skip":true},"11":{"name":"(anonymous_11)","line":158,"loc":{"start":{"line":158,"column":83},"end":{"line":161,"column":10}},"skip":true},"12":{"name":"(anonymous_12)","line":169,"loc":{"start":{"line":169,"column":79},"end":{"line":172,"column":10}},"skip":true},"13":{"name":"(anonymous_13)","line":180,"loc":{"start":{"line":180,"column":75},"end":{"line":183,"column":10}},"skip":true}},"statementMap":{"1":{"start":{"line":12,"column":0},"end":{"line":195,"column":5}},"2":{"start":{"line":14,"column":4},"end":{"line":14,"column":14}},"3":{"start":{"line":19,"column":4},"end":{"line":56,"column":9}},"4":{"start":{"line":21,"column":8},"end":{"line":21,"column":19}},"5":{"start":{"line":23,"column":8},"end":{"line":35,"column":13}},"6":{"start":{"line":24,"column":12},"end":{"line":34,"column":13}},"7":{"start":{"line":25,"column":16},"end":{"line":28,"column":30}},"8":{"start":{"line":30,"column":16},"end":{"line":33,"column":27}},"9":{"start":{"line":37,"column":8},"end":{"line":39,"column":21}},"10":{"start":{"line":40,"column":8},"end":{"line":53,"column":9}},"11":{"start":{"line":43,"column":12},"end":{"line":46,"column":14}},"12":{"start":{"line":47,"column":12},"end":{"line":47,"column":18}},"13":{"start":{"line":50,"column":12},"end":{"line":51,"column":33}},"14":{"start":{"line":52,"column":12},"end":{"line":52,"column":18}},"15":{"start":{"line":55,"column":8},"end":{"line":55,"column":35}},"16":{"start":{"line":61,"column":4},"end":{"line":63,"column":9}},"17":{"start":{"line":62,"column":8},"end":{"line":62,"column":15}},"18":{"start":{"line":64,"column":4},"end":{"line":77,"column":5}},"19":{"start":{"line":70,"column":8},"end":{"line":70,"column":14}},"20":{"start":{"line":76,"column":8},"end":{"line":76,"column":14}},"21":{"start":{"line":82,"column":4},"end":{"line":84,"column":9}},"22":{"start":{"line":83,"column":8},"end":{"line":83,"column":15}},"23":{"start":{"line":85,"column":4},"end":{"line":194,"column":5}},"24":{"start":{"line":91,"column":8},"end":{"line":99,"column":10}},"25":{"start":{"line":98,"column":12},"end":{"line":98,"column":35}},"26":{"start":{"line":102,"column":8},"end":{"line":104,"column":63}},"27":{"start":{"line":105,"column":8},"end":{"line":105,"column":14}},"28":{"start":{"line":112,"column":8},"end":{"line":121,"column":10},"skip":true},"29":{"start":{"line":119,"column":12},"end":{"line":119,"column":55},"skip":true},"30":{"start":{"line":120,"column":12},"end":{"line":120,"column":48},"skip":true},"31":{"start":{"line":123,"column":8},"end":{"line":136,"column":10},"skip":true},"32":{"start":{"line":130,"column":12},"end":{"line":130,"column":76},"skip":true},"33":{"start":{"line":131,"column":12},"end":{"line":131,"column":73},"skip":true},"34":{"start":{"line":132,"column":12},"end":{"line":132,"column":74},"skip":true},"35":{"start":{"line":133,"column":12},"end":{"line":133,"column":79},"skip":true},"36":{"start":{"line":134,"column":12},"end":{"line":134,"column":25},"skip":true},"37":{"start":{"line":135,"column":12},"end":{"line":135,"column":45},"skip":true},"38":{"start":{"line":138,"column":8},"end":{"line":145,"column":14},"skip":true},"39":{"start":{"line":143,"column":16},"end":{"line":143,"column":29},"skip":true},"40":{"start":{"line":144,"column":16},"end":{"line":144,"column":55},"skip":true},"41":{"start":{"line":147,"column":8},"end":{"line":156,"column":10},"skip":true},"42":{"start":{"line":154,"column":12},"end":{"line":154,"column":25},"skip":true},"43":{"start":{"line":155,"column":12},"end":{"line":155,"column":45},"skip":true},"44":{"start":{"line":158,"column":8},"end":{"line":167,"column":10},"skip":true},"45":{"start":{"line":165,"column":12},"end":{"line":165,"column":25},"skip":true},"46":{"start":{"line":166,"column":12},"end":{"line":166,"column":48},"skip":true},"47":{"start":{"line":169,"column":8},"end":{"line":178,"column":10},"skip":true},"48":{"start":{"line":176,"column":12},"end":{"line":176,"column":25},"skip":true},"49":{"start":{"line":177,"column":12},"end":{"line":177,"column":46},"skip":true},"50":{"start":{"line":180,"column":8},"end":{"line":189,"column":10},"skip":true},"51":{"start":{"line":187,"column":12},"end":{"line":187,"column":94},"skip":true},"52":{"start":{"line":188,"column":12},"end":{"line":188,"column":48},"skip":true},"53":{"start":{"line":192,"column":8},"end":{"line":192,"column":35},"skip":true},"54":{"start":{"line":193,"column":8},"end":{"line":193,"column":14},"skip":true}},"branchMap":{"1":{"line":25,"type":"binary-expr","locations":[{"start":{"line":25,"column":23},"end":{"line":25,"column":62}},{"start":{"line":26,"column":20},"end":{"line":26,"column":70}},{"start":{"line":27,"column":20},"end":{"line":27,"column":71}},{"start":{"line":28,"column":20},"end":{"line":28,"column":29}}]},"2":{"line":30,"type":"binary-expr","locations":[{"start":{"line":30,"column":23},"end":{"line":30,"column":37}},{"start":{"line":31,"column":20},"end":{"line":31,"column":61}},{"start":{"line":32,"column":20},"end":{"line":32,"column":70}},{"start":{"line":33,"column":20},"end":{"line":33,"column":26}}]},"3":{"line":37,"type":"cond-expr","locations":[{"start":{"line":38,"column":14},"end":{"line":38,"column":20}},{"start":{"line":39,"column":14},"end":{"line":39,"column":20}}]},"4":{"line":40,"type":"switch","locations":[{"start":{"line":42,"column":8},"end":{"line":47,"column":18}},{"start":{"line":49,"column":8},"end":{"line":52,"column":18}}]},"5":{"line":44,"type":"binary-expr","locations":[{"start":{"line":44,"column":16},"end":{"line":44,"column":44}},{"start":{"line":44,"column":48},"end":{"line":44,"column":66}}]},"6":{"line":50,"type":"binary-expr","locations":[{"start":{"line":50,"column":21},"end":{"line":50,"column":49}},{"start":{"line":50,"column":53},"end":{"line":50,"column":72}}]},"7":{"line":64,"type":"switch","locations":[{"start":{"line":69,"column":4},"end":{"line":70,"column":14}},{"start":{"line":75,"column":4},"end":{"line":76,"column":14}}]},"8":{"line":85,"type":"switch","locations":[{"start":{"line":90,"column":4},"end":{"line":105,"column":14}},{"start":{"line":111,"column":4},"end":{"line":193,"column":14},"skip":true}]},"9":{"line":91,"type":"binary-expr","locations":[{"start":{"line":91,"column":42},"end":{"line":91,"column":73}},{"start":{"line":91,"column":77},"end":{"line":99,"column":9}}]},"10":{"line":102,"type":"binary-expr","locations":[{"start":{"line":102,"column":18},"end":{"line":102,"column":32}},{"start":{"line":103,"column":12},"end":{"line":103,"column":53}},{"start":{"line":104,"column":12},"end":{"line":104,"column":61}}]},"11":{"line":112,"type":"binary-expr","locations":[{"start":{"line":112,"column":45},"end":{"line":112,"column":79},"skip":true},{"start":{"line":112,"column":83},"end":{"line":121,"column":9},"skip":true}]},"12":{"line":123,"type":"binary-expr","locations":[{"start":{"line":123,"column":42},"end":{"line":123,"column":73},"skip":true},{"start":{"line":123,"column":77},"end":{"line":136,"column":9},"skip":true}]},"13":{"line":138,"type":"binary-expr","locations":[{"start":{"line":138,"column":48},"end":{"line":138,"column":85},"skip":true},{"start":{"line":139,"column":12},"end":{"line":145,"column":13},"skip":true}]},"14":{"line":147,"type":"binary-expr","locations":[{"start":{"line":147,"column":42},"end":{"line":147,"column":73},"skip":true},{"start":{"line":147,"column":77},"end":{"line":156,"column":9},"skip":true}]},"15":{"line":158,"type":"binary-expr","locations":[{"start":{"line":158,"column":45},"end":{"line":158,"column":79},"skip":true},{"start":{"line":158,"column":83},"end":{"line":167,"column":9},"skip":true}]},"16":{"line":169,"type":"binary-expr","locations":[{"start":{"line":169,"column":43},"end":{"line":169,"column":75},"skip":true},{"start":{"line":169,"column":79},"end":{"line":178,"column":9},"skip":true}]},"17":{"line":180,"type":"binary-expr","locations":[{"start":{"line":180,"column":41},"end":{"line":180,"column":71},"skip":true},{"start":{"line":180,"column":75},"end":{"line":189,"column":9},"skip":true}]}},"code":["/* istanbul instrument in package npmtest_browsernizr */","/*jslint","    bitwise: true,","    browser: true,","    maxerr: 8,","    maxlen: 96,","    node: true,","    nomen: true,","    regexp: true,","    stupid: true","*/","(function () {","    'use strict';","    var local;","","","","    // run shared js-env code - pre-init","    (function () {","        // init local","        local = {};","        // init modeJs","        local.modeJs = (function () {","            try {","                return typeof navigator.userAgent === 'string' &&","                    typeof document.querySelector('body') === 'object' &&","                    typeof XMLHttpRequest.prototype.open === 'function' &&","                    'browser';","            } catch (errorCaughtBrowser) {","                return module.exports &&","                    typeof process.versions.node === 'string' &&","                    typeof require('http').createServer === 'function' &&","                    'node';","            }","        }());","        // init global","        local.global = local.modeJs === 'browser'","            ? window","            : global;","        switch (local.modeJs) {","        // re-init local from window.local","        case 'browser':","            local = local.global.utility2.objectSetDefault(","                local.global.utility2_rollup || local.global.local,","                local.global.utility2","            );","            break;","        // re-init local from example.js","        case 'node':","            local = (local.global.utility2_rollup || require('utility2'))","                .requireReadme();","            break;","        }","        // export local","        local.global.local = local;","    }());","","","","    // run shared js-env code - function","    (function () {","        return;","    }());","    switch (local.modeJs) {","","","","    // run browser js-env code - function","    case 'browser':","        break;","","","","    // run node js-env code - function","    case 'node':","        break;","    }","","","","    // run shared js-env code - post-init","    (function () {","        return;","    }());","    switch (local.modeJs) {","","","","    // run browser js-env code - post-init","    case 'browser':","        local.testCase_browser_nullCase = local.testCase_browser_nullCase || function (","            options,","            onError","        ) {","        /*","         * this function will test browsers's null-case handling-behavior-behavior","         */","            onError(null, options);","        };","","        // run tests","        local.nop(local.modeTest &&","            document.querySelector('#testRunButton1') &&","            document.querySelector('#testRunButton1').click());","        break;","","","","    // run node js-env code - post-init","    /* istanbul ignore next */","    case 'node':","        local.testCase_buildApidoc_default = local.testCase_buildApidoc_default || function (","            options,","            onError","        ) {","        /*","         * this function will test buildApidoc's default handling-behavior-behavior","         */","            options = { modulePathList: module.paths };","            local.buildApidoc(options, onError);","        };","","        local.testCase_buildApp_default = local.testCase_buildApp_default || function (","            options,","            onError","        ) {","        /*","         * this function will test buildApp's default handling-behavior-behavior","         */","            local.testCase_buildReadme_default(options, local.onErrorThrow);","            local.testCase_buildLib_default(options, local.onErrorThrow);","            local.testCase_buildTest_default(options, local.onErrorThrow);","            local.testCase_buildCustomOrg_default(options, local.onErrorThrow);","            options = [];","            local.buildApp(options, onError);","        };","","        local.testCase_buildCustomOrg_default = local.testCase_buildCustomOrg_default ||","            function (options, onError) {","            /*","             * this function will test buildCustomOrg's default handling-behavior","             */","                options = {};","                local.buildCustomOrg(options, onError);","            };","","        local.testCase_buildLib_default = local.testCase_buildLib_default || function (","            options,","            onError","        ) {","        /*","         * this function will test buildLib's default handling-behavior","         */","            options = {};","            local.buildLib(options, onError);","        };","","        local.testCase_buildReadme_default = local.testCase_buildReadme_default || function (","            options,","            onError","        ) {","        /*","         * this function will test buildReadme's default handling-behavior-behavior","         */","            options = {};","            local.buildReadme(options, onError);","        };","","        local.testCase_buildTest_default = local.testCase_buildTest_default || function (","            options,","            onError","        ) {","        /*","         * this function will test buildTest's default handling-behavior","         */","            options = {};","            local.buildTest(options, onError);","        };","","        local.testCase_webpage_default = local.testCase_webpage_default || function (","            options,","            onError","        ) {","        /*","         * this function will test webpage's default handling-behavior","         */","            options = { modeCoverageMerge: true, url: local.serverLocalHost + '?modeTest=1' };","            local.browserTest(options, onError);","        };","","        // run test-server","        local.testRunServer(local);","        break;","    }","}());",""],"l":{"12":2,"14":2,"19":2,"21":2,"23":2,"24":2,"25":2,"30":1,"37":2,"40":2,"43":1,"47":1,"50":1,"52":1,"55":2,"61":2,"62":2,"64":2,"70":1,"76":1,"82":2,"83":2,"85":2,"91":1,"98":1,"102":1,"105":1,"112":1,"119":1,"120":1,"123":1,"130":1,"131":1,"132":1,"133":1,"134":1,"135":1,"138":1,"143":2,"144":2,"147":1,"154":2,"155":2,"158":1,"165":2,"166":2,"169":1,"176":2,"177":2,"180":1,"187":1,"188":1,"192":1,"193":1}},"/home/travis/build/npmtest/node-npmtest-browsernizr/lib.npmtest_browsernizr.js":{"path":"/home/travis/build/npmtest/node-npmtest-browsernizr/lib.npmtest_browsernizr.js","s":{"1":2,"2":2,"3":2,"4":2,"5":2,"6":2,"7":2,"8":1,"9":2,"10":2,"11":2,"12":2,"13":1,"14":1,"15":1,"16":1},"b":{"1":[2,1,1,1],"2":[1,1,1,1],"3":[1,1],"4":[2,2],"5":[1,1]},"f":{"1":2,"2":2,"3":2},"fnMap":{"1":{"name":"(anonymous_1)","line":12,"loc":{"start":{"line":12,"column":1},"end":{"line":12,"column":13}}},"2":{"name":"(anonymous_2)","line":19,"loc":{"start":{"line":19,"column":5},"end":{"line":19,"column":17}}},"3":{"name":"(anonymous_3)","line":23,"loc":{"start":{"line":23,"column":24},"end":{"line":23,"column":36}}}},"statementMap":{"1":{"start":{"line":12,"column":0},"end":{"line":53,"column":5}},"2":{"start":{"line":14,"column":4},"end":{"line":14,"column":14}},"3":{"start":{"line":19,"column":4},"end":{"line":52,"column":9}},"4":{"start":{"line":21,"column":8},"end":{"line":21,"column":19}},"5":{"start":{"line":23,"column":8},"end":{"line":35,"column":13}},"6":{"start":{"line":24,"column":12},"end":{"line":34,"column":13}},"7":{"start":{"line":25,"column":16},"end":{"line":28,"column":30}},"8":{"start":{"line":30,"column":16},"end":{"line":33,"column":27}},"9":{"start":{"line":37,"column":8},"end":{"line":39,"column":21}},"10":{"start":{"line":41,"column":8},"end":{"line":41,"column":54}},"11":{"start":{"line":43,"column":8},"end":{"line":43,"column":56}},"12":{"start":{"line":45,"column":8},"end":{"line":51,"column":9}},"13":{"start":{"line":46,"column":12},"end":{"line":46,"column":62}},"14":{"start":{"line":48,"column":12},"end":{"line":48,"column":35}},"15":{"start":{"line":49,"column":12},"end":{"line":49,"column":49}},"16":{"start":{"line":50,"column":12},"end":{"line":50,"column":43}}},"branchMap":{"1":{"line":25,"type":"binary-expr","locations":[{"start":{"line":25,"column":23},"end":{"line":25,"column":62}},{"start":{"line":26,"column":20},"end":{"line":26,"column":70}},{"start":{"line":27,"column":20},"end":{"line":27,"column":71}},{"start":{"line":28,"column":20},"end":{"line":28,"column":29}}]},"2":{"line":30,"type":"binary-expr","locations":[{"start":{"line":30,"column":23},"end":{"line":30,"column":37}},{"start":{"line":31,"column":20},"end":{"line":31,"column":61}},{"start":{"line":32,"column":20},"end":{"line":32,"column":70}},{"start":{"line":33,"column":20},"end":{"line":33,"column":26}}]},"3":{"line":37,"type":"cond-expr","locations":[{"start":{"line":38,"column":14},"end":{"line":38,"column":20}},{"start":{"line":39,"column":14},"end":{"line":39,"column":20}}]},"4":{"line":41,"type":"binary-expr","locations":[{"start":{"line":41,"column":16},"end":{"line":41,"column":44}},{"start":{"line":41,"column":48},"end":{"line":41,"column":53}}]},"5":{"line":45,"type":"if","locations":[{"start":{"line":45,"column":8},"end":{"line":45,"column":8}},{"start":{"line":45,"column":8},"end":{"line":45,"column":8}}]}},"code":["/* istanbul instrument in package npmtest_browsernizr */","/*jslint","    bitwise: true,","    browser: true,","    maxerr: 8,","    maxlen: 96,","    node: true,","    nomen: true,","    regexp: true,","    stupid: true","*/","(function () {","    'use strict';","    var local;","","","","    // run shared js-env code - pre-init","    (function () {","        // init local","        local = {};","        // init modeJs","        local.modeJs = (function () {","            try {","                return typeof navigator.userAgent === 'string' &&","                    typeof document.querySelector('body') === 'object' &&","                    typeof XMLHttpRequest.prototype.open === 'function' &&","                    'browser';","            } catch (errorCaughtBrowser) {","                return module.exports &&","                    typeof process.versions.node === 'string' &&","                    typeof require('http').createServer === 'function' &&","                    'node';","            }","        }());","        // init global","        local.global = local.modeJs === 'browser'","            ? window","            : global;","        // init utility2_rollup","        local = local.global.utility2_rollup || local;","        // init lib","        local.local = local.npmtest_browsernizr = local;","        // init exports","        if (local.modeJs === 'browser') {","            local.global.utility2_npmtest_browsernizr = local;","        } else {","            module.exports = local;","            module.exports.__dirname = __dirname;","            module.exports.module = module;","        }","    }());","}());",""],"l":{"12":2,"14":2,"19":2,"21":2,"23":2,"24":2,"25":2,"30":1,"37":2,"41":2,"43":2,"45":2,"46":1,"48":1,"49":1,"50":1}},"/home/travis/build/npmtest/node-npmtest-browsernizr/example.js":{"path":"/home/travis/build/npmtest/node-npmtest-browsernizr/example.js","s":{"1":2,"2":2,"3":2,"4":2,"5":2,"6":2,"7":2,"8":1,"9":2,"10":2,"11":2,"12":2,"13":1,"14":2,"15":2,"16":2,"17":2,"18":2,"19":0,"20":2,"21":1,"22":1,"23":1,"24":1,"25":1,"26":0,"27":0,"28":1,"29":1,"30":2,"31":0,"32":0,"33":0,"34":1,"35":2,"36":2,"37":3,"38":3,"39":3,"40":3,"41":0,"42":3,"43":3,"44":3,"45":1,"46":3,"47":1,"48":1,"49":1,"50":1,"51":1,"52":1,"53":1,"54":1,"55":1,"56":1,"57":0,"58":1,"59":6,"60":6,"61":1,"62":2,"63":0,"64":2,"65":1,"66":1,"67":0,"68":0,"69":0,"70":0,"71":0,"72":0,"73":0,"74":0,"75":0,"76":0,"77":0,"78":0,"79":0,"80":0,"81":0,"82":0,"83":0},"b":{"1":[2,1,1,1],"2":[1,1,1,1],"3":[1,1],"4":[2,2],"5":[1,1],"6":[1,1],"7":[2,0],"8":[2,1,1,1,1,1],"9":[0,2,0],"10":[1,1],"11":[2,1,1],"12":[1,0],"13":[0,2],"14":[2,0,0,0,0,0,0],"15":[0,3],"16":[3,0],"17":[1,1],"18":[0,1],"19":[1,2,0,2],"20":[1,0],"21":[1,1],"22":[0,0],"23":[0,0],"24":[0,0],"25":[0,0],"26":[0,0],"27":[0,0],"28":[0,0]},"f":{"1":2,"2":2,"3":2,"4":2,"5":2,"6":2,"7":3,"8":3,"9":3,"10":1,"11":6,"12":0},"fnMap":{"1":{"name":"(anonymous_1)","line":26,"loc":{"start":{"line":26,"column":1},"end":{"line":26,"column":13}}},"2":{"name":"(anonymous_2)","line":33,"loc":{"start":{"line":33,"column":5},"end":{"line":33,"column":17}}},"3":{"name":"(anonymous_3)","line":37,"loc":{"start":{"line":37,"column":24},"end":{"line":37,"column":36}}},"4":{"name":"(anonymous_4)","line":69,"loc":{"start":{"line":69,"column":31},"end":{"line":69,"column":48}},"skip":true},"5":{"name":"(anonymous_5)","line":78,"loc":{"start":{"line":78,"column":26},"end":{"line":78,"column":45}},"skip":true},"6":{"name":"(anonymous_6)","line":123,"loc":{"start":{"line":123,"column":33},"end":{"line":123,"column":48}},"skip":true},"7":{"name":"(anonymous_7)","line":125,"loc":{"start":{"line":125,"column":27},"end":{"line":125,"column":39}},"skip":true},"8":{"name":"(anonymous_8)","line":133,"loc":{"start":{"line":133,"column":59},"end":{"line":133,"column":74}},"skip":true},"9":{"name":"(anonymous_9)","line":143,"loc":{"start":{"line":143,"column":45},"end":{"line":143,"column":62}},"skip":true},"10":{"name":"(anonymous_10)","line":144,"loc":{"start":{"line":144,"column":73},"end":{"line":144,"column":92}},"skip":true},"11":{"name":"(anonymous_11)","line":272,"loc":{"start":{"line":272,"column":51},"end":{"line":272,"column":77}},"skip":true},"12":{"name":"(anonymous_12)","line":315,"loc":{"start":{"line":315,"column":32},"end":{"line":315,"column":61}},"skip":true}},"statementMap":{"1":{"start":{"line":26,"column":0},"end":{"line":326,"column":5}},"2":{"start":{"line":28,"column":4},"end":{"line":28,"column":14}},"3":{"start":{"line":33,"column":4},"end":{"line":60,"column":9}},"4":{"start":{"line":35,"column":8},"end":{"line":35,"column":19}},"5":{"start":{"line":37,"column":8},"end":{"line":49,"column":13}},"6":{"start":{"line":38,"column":12},"end":{"line":48,"column":13}},"7":{"start":{"line":39,"column":16},"end":{"line":42,"column":30}},"8":{"start":{"line":44,"column":16},"end":{"line":47,"column":27}},"9":{"start":{"line":51,"column":8},"end":{"line":53,"column":21}},"10":{"start":{"line":55,"column":8},"end":{"line":57,"column":45}},"11":{"start":{"line":59,"column":8},"end":{"line":59,"column":35}},"12":{"start":{"line":61,"column":4},"end":{"line":325,"column":5}},"13":{"start":{"line":69,"column":8},"end":{"line":121,"column":10},"skip":true},"14":{"start":{"line":70,"column":12},"end":{"line":88,"column":13},"skip":true},"15":{"start":{"line":76,"column":16},"end":{"line":87,"column":19},"skip":true},"16":{"start":{"line":79,"column":20},"end":{"line":86,"column":21},"skip":true},"17":{"start":{"line":82,"column":24},"end":{"line":82,"column":43},"skip":true},"18":{"start":{"line":83,"column":24},"end":{"line":83,"column":30},"skip":true},"19":{"start":{"line":85,"column":24},"end":{"line":85,"column":49},"skip":true},"20":{"start":{"line":89,"column":12},"end":{"line":107,"column":13},"skip":true},"21":{"start":{"line":92,"column":16},"end":{"line":102,"column":17},"skip":true},"22":{"start":{"line":93,"column":20},"end":{"line":93,"column":86},"skip":true},"23":{"start":{"line":94,"column":20},"end":{"line":95,"column":45},"skip":true},"24":{"start":{"line":96,"column":20},"end":{"line":96,"column":42},"skip":true},"25":{"start":{"line":97,"column":20},"end":{"line":97,"column":48},"skip":true},"26":{"start":{"line":100,"column":20},"end":{"line":100,"column":85},"skip":true},"27":{"start":{"line":101,"column":20},"end":{"line":101,"column":96},"skip":true},"28":{"start":{"line":103,"column":16},"end":{"line":103,"column":22},"skip":true},"29":{"start":{"line":106,"column":16},"end":{"line":106,"column":22},"skip":true},"30":{"start":{"line":108,"column":12},"end":{"line":120,"column":13},"skip":true},"31":{"start":{"line":114,"column":16},"end":{"line":119,"column":17},"skip":true},"32":{"start":{"line":116,"column":20},"end":{"line":116,"column":78},"skip":true},"33":{"start":{"line":118,"column":20},"end":{"line":118,"column":47},"skip":true},"34":{"start":{"line":123,"column":8},"end":{"line":141,"column":11},"skip":true},"35":{"start":{"line":124,"column":12},"end":{"line":124,"column":54},"skip":true},"36":{"start":{"line":125,"column":12},"end":{"line":140,"column":14},"skip":true},"37":{"start":{"line":126,"column":16},"end":{"line":126,"column":28},"skip":true},"38":{"start":{"line":127,"column":16},"end":{"line":127,"column":69},"skip":true},"39":{"start":{"line":128,"column":16},"end":{"line":128,"column":75},"skip":true},"40":{"start":{"line":129,"column":16},"end":{"line":131,"column":17},"skip":true},"41":{"start":{"line":130,"column":20},"end":{"line":130,"column":27},"skip":true},"42":{"start":{"line":133,"column":16},"end":{"line":137,"column":36},"skip":true},"43":{"start":{"line":134,"column":20},"end":{"line":136,"column":55},"skip":true},"44":{"start":{"line":139,"column":16},"end":{"line":139,"column":57},"skip":true},"45":{"start":{"line":143,"column":8},"end":{"line":147,"column":11},"skip":true},"46":{"start":{"line":144,"column":12},"end":{"line":146,"column":15},"skip":true},"47":{"start":{"line":145,"column":16},"end":{"line":145,"column":70},"skip":true},"48":{"start":{"line":149,"column":8},"end":{"line":149,"column":31},"skip":true},"49":{"start":{"line":150,"column":8},"end":{"line":150,"column":14},"skip":true},"50":{"start":{"line":158,"column":8},"end":{"line":158,"column":31},"skip":true},"51":{"start":{"line":160,"column":8},"end":{"line":160,"column":33},"skip":true},"52":{"start":{"line":161,"column":8},"end":{"line":161,"column":37},"skip":true},"53":{"start":{"line":162,"column":8},"end":{"line":162,"column":35},"skip":true},"54":{"start":{"line":164,"column":8},"end":{"line":164,"column":50},"skip":true},"55":{"start":{"line":166,"column":8},"end":{"line":256,"column":2},"skip":true},"56":{"start":{"line":258,"column":8},"end":{"line":286,"column":9},"skip":true},"57":{"start":{"line":259,"column":12},"end":{"line":269,"column":14},"skip":true},"58":{"start":{"line":271,"column":12},"end":{"line":285,"column":19},"skip":true},"59":{"start":{"line":274,"column":20},"end":{"line":274,"column":35},"skip":true},"60":{"start":{"line":275,"column":20},"end":{"line":284,"column":21},"skip":true},"61":{"start":{"line":277,"column":24},"end":{"line":277,"column":64},"skip":true},"62":{"start":{"line":279,"column":24},"end":{"line":279,"column":40},"skip":true},"63":{"start":{"line":281,"column":24},"end":{"line":281,"column":40},"skip":true},"64":{"start":{"line":283,"column":24},"end":{"line":283,"column":39},"skip":true},"65":{"start":{"line":288,"column":8},"end":{"line":290,"column":9},"skip":true},"66":{"start":{"line":289,"column":12},"end":{"line":289,"column":18},"skip":true},"67":{"start":{"line":291,"column":8},"end":{"line":293,"column":54},"skip":true},"68":{"start":{"line":296,"column":8},"end":{"line":301,"column":37},"skip":true},"69":{"start":{"line":303,"column":8},"end":{"line":303,"column":82},"skip":true},"70":{"start":{"line":306,"column":8},"end":{"line":308,"column":9},"skip":true},"71":{"start":{"line":307,"column":12},"end":{"line":307,"column":82},"skip":true},"72":{"start":{"line":310,"column":8},"end":{"line":312,"column":9},"skip":true},"73":{"start":{"line":311,"column":12},"end":{"line":311,"column":18},"skip":true},"74":{"start":{"line":313,"column":8},"end":{"line":313,"column":54},"skip":true},"75":{"start":{"line":314,"column":8},"end":{"line":314,"column":69},"skip":true},"76":{"start":{"line":315,"column":8},"end":{"line":323,"column":36},"skip":true},"77":{"start":{"line":316,"column":12},"end":{"line":316,"column":61},"skip":true},"78":{"start":{"line":317,"column":12},"end":{"line":320,"column":13},"skip":true},"79":{"start":{"line":318,"column":16},"end":{"line":318,"column":75},"skip":true},"80":{"start":{"line":319,"column":16},"end":{"line":319,"column":23},"skip":true},"81":{"start":{"line":321,"column":12},"end":{"line":321,"column":38},"skip":true},"82":{"start":{"line":322,"column":12},"end":{"line":322,"column":27},"skip":true},"83":{"start":{"line":324,"column":8},"end":{"line":324,"column":14},"skip":true}},"branchMap":{"1":{"line":39,"type":"binary-expr","locations":[{"start":{"line":39,"column":23},"end":{"line":39,"column":62}},{"start":{"line":40,"column":20},"end":{"line":40,"column":70}},{"start":{"line":41,"column":20},"end":{"line":41,"column":71}},{"start":{"line":42,"column":20},"end":{"line":42,"column":29}}]},"2":{"line":44,"type":"binary-expr","locations":[{"start":{"line":44,"column":23},"end":{"line":44,"column":37}},{"start":{"line":45,"column":20},"end":{"line":45,"column":61}},{"start":{"line":46,"column":20},"end":{"line":46,"column":70}},{"start":{"line":47,"column":20},"end":{"line":47,"column":26}}]},"3":{"line":51,"type":"cond-expr","locations":[{"start":{"line":52,"column":14},"end":{"line":52,"column":20}},{"start":{"line":53,"column":14},"end":{"line":53,"column":20}}]},"4":{"line":55,"type":"binary-expr","locations":[{"start":{"line":55,"column":16},"end":{"line":55,"column":44}},{"start":{"line":55,"column":49},"end":{"line":57,"column":43}}]},"5":{"line":55,"type":"cond-expr","locations":[{"start":{"line":56,"column":14},"end":{"line":56,"column":55}},{"start":{"line":57,"column":14},"end":{"line":57,"column":43}}]},"6":{"line":61,"type":"switch","locations":[{"start":{"line":68,"column":4},"end":{"line":150,"column":14},"skip":true},{"start":{"line":156,"column":4},"end":{"line":324,"column":14},"skip":true}]},"7":{"line":70,"type":"if","locations":[{"start":{"line":70,"column":12},"end":{"line":70,"column":12},"skip":true},{"start":{"line":70,"column":12},"end":{"line":70,"column":12},"skip":true}]},"8":{"line":70,"type":"binary-expr","locations":[{"start":{"line":70,"column":16},"end":{"line":70,"column":22},"skip":true},{"start":{"line":70,"column":27},"end":{"line":70,"column":32},"skip":true},{"start":{"line":71,"column":20},"end":{"line":71,"column":39},"skip":true},{"start":{"line":72,"column":20},"end":{"line":72,"column":49},"skip":true},{"start":{"line":73,"column":20},"end":{"line":73,"column":58},"skip":true},{"start":{"line":74,"column":20},"end":{"line":74,"column":69},"skip":true}]},"9":{"line":79,"type":"switch","locations":[{"start":{"line":80,"column":20},"end":{"line":80,"column":33},"skip":true},{"start":{"line":81,"column":20},"end":{"line":83,"column":30},"skip":true},{"start":{"line":84,"column":20},"end":{"line":85,"column":49},"skip":true}]},"10":{"line":89,"type":"switch","locations":[{"start":{"line":90,"column":12},"end":{"line":103,"column":22},"skip":true},{"start":{"line":105,"column":12},"end":{"line":106,"column":22},"skip":true}]},"11":{"line":89,"type":"binary-expr","locations":[{"start":{"line":89,"column":20},"end":{"line":89,"column":25},"skip":true},{"start":{"line":89,"column":29},"end":{"line":89,"column":48},"skip":true},{"start":{"line":89,"column":52},"end":{"line":89,"column":74},"skip":true}]},"12":{"line":92,"type":"if","locations":[{"start":{"line":92,"column":16},"end":{"line":92,"column":16},"skip":true},{"start":{"line":92,"column":16},"end":{"line":92,"column":16},"skip":true}]},"13":{"line":108,"type":"if","locations":[{"start":{"line":108,"column":12},"end":{"line":108,"column":12},"skip":true},{"start":{"line":108,"column":12},"end":{"line":108,"column":12},"skip":true}]},"14":{"line":108,"type":"binary-expr","locations":[{"start":{"line":108,"column":16},"end":{"line":108,"column":61},"skip":true},{"start":{"line":108,"column":66},"end":{"line":108,"column":72},"skip":true},{"start":{"line":108,"column":77},"end":{"line":108,"column":82},"skip":true},{"start":{"line":109,"column":20},"end":{"line":109,"column":39},"skip":true},{"start":{"line":110,"column":20},"end":{"line":110,"column":49},"skip":true},{"start":{"line":111,"column":20},"end":{"line":111,"column":58},"skip":true},{"start":{"line":112,"column":20},"end":{"line":112,"column":68},"skip":true}]},"15":{"line":129,"type":"if","locations":[{"start":{"line":129,"column":16},"end":{"line":129,"column":16},"skip":true},{"start":{"line":129,"column":16},"end":{"line":129,"column":16},"skip":true}]},"16":{"line":134,"type":"cond-expr","locations":[{"start":{"line":135,"column":26},"end":{"line":135,"column":29},"skip":true},{"start":{"line":136,"column":26},"end":{"line":136,"column":54},"skip":true}]},"17":{"line":164,"type":"binary-expr","locations":[{"start":{"line":164,"column":27},"end":{"line":164,"column":43},"skip":true},{"start":{"line":164,"column":47},"end":{"line":164,"column":49},"skip":true}]},"18":{"line":258,"type":"if","locations":[{"start":{"line":258,"column":8},"end":{"line":258,"column":8},"skip":true},{"start":{"line":258,"column":8},"end":{"line":258,"column":8},"skip":true}]},"19":{"line":275,"type":"switch","locations":[{"start":{"line":276,"column":20},"end":{"line":277,"column":64},"skip":true},{"start":{"line":278,"column":20},"end":{"line":279,"column":40},"skip":true},{"start":{"line":280,"column":20},"end":{"line":281,"column":40},"skip":true},{"start":{"line":282,"column":20},"end":{"line":283,"column":39},"skip":true}]},"20":{"line":288,"type":"if","locations":[{"start":{"line":288,"column":8},"end":{"line":288,"column":8},"skip":true},{"start":{"line":288,"column":8},"end":{"line":288,"column":8},"skip":true}]},"21":{"line":288,"type":"binary-expr","locations":[{"start":{"line":288,"column":12},"end":{"line":288,"column":40},"skip":true},{"start":{"line":288,"column":44},"end":{"line":288,"column":67},"skip":true}]},"22":{"line":292,"type":"binary-expr","locations":[{"start":{"line":292,"column":12},"end":{"line":292,"column":50},"skip":true},{"start":{"line":293,"column":12},"end":{"line":293,"column":53},"skip":true}]},"23":{"line":297,"type":"binary-expr","locations":[{"start":{"line":297,"column":12},"end":{"line":297,"column":69},"skip":true},{"start":{"line":298,"column":12},"end":{"line":301,"column":36},"skip":true}]},"24":{"line":303,"type":"binary-expr","locations":[{"start":{"line":303,"column":43},"end":{"line":303,"column":75},"skip":true},{"start":{"line":303,"column":79},"end":{"line":303,"column":81},"skip":true}]},"25":{"line":306,"type":"if","locations":[{"start":{"line":306,"column":8},"end":{"line":306,"column":8},"skip":true},{"start":{"line":306,"column":8},"end":{"line":306,"column":8},"skip":true}]},"26":{"line":310,"type":"if","locations":[{"start":{"line":310,"column":8},"end":{"line":310,"column":8},"skip":true},{"start":{"line":310,"column":8},"end":{"line":310,"column":8},"skip":true}]},"27":{"line":313,"type":"binary-expr","locations":[{"start":{"line":313,"column":27},"end":{"line":313,"column":43},"skip":true},{"start":{"line":313,"column":47},"end":{"line":313,"column":53},"skip":true}]},"28":{"line":317,"type":"if","locations":[{"start":{"line":317,"column":12},"end":{"line":317,"column":12},"skip":true},{"start":{"line":317,"column":12},"end":{"line":317,"column":12},"skip":true}]}},"code":["/*","example.js","","quickstart example","","instruction","    1. save this script as example.js","    2. run the shell command:","        $ npm install npmtest-browsernizr && PORT=8081 node example.js","    3. play with the browser-demo on http://127.0.0.1:8081","*/","","","","/* istanbul instrument in package npmtest_browsernizr */","/*jslint","    bitwise: true,","    browser: true,","    maxerr: 8,","    maxlen: 96,","    node: true,","    nomen: true,","    regexp: true,","    stupid: true","*/","(function () {","    'use strict';","    var local;","","","","    // run shared js-env code - pre-init","    (function () {","        // init local","        local = {};","        // init modeJs","        local.modeJs = (function () {","            try {","                return typeof navigator.userAgent === 'string' &&","                    typeof document.querySelector('body') === 'object' &&","                    typeof XMLHttpRequest.prototype.open === 'function' &&","                    'browser';","            } catch (errorCaughtBrowser) {","                return module.exports &&","                    typeof process.versions.node === 'string' &&","                    typeof require('http').createServer === 'function' &&","                    'node';","            }","        }());","        // init global","        local.global = local.modeJs === 'browser'","            ? window","            : global;","        // init utility2_rollup","        local = local.global.utility2_rollup || (local.modeJs === 'browser'","            ? local.global.utility2_npmtest_browsernizr","            : global.utility2_moduleExports);","        // export local","        local.global.local = local;","    }());","    switch (local.modeJs) {","","","","    // post-init","    // run browser js-env code - post-init","    /* istanbul ignore next */","    case 'browser':","        local.testRunBrowser = function (event) {","            if (!event || (event &&","                    event.currentTarget &&","                    event.currentTarget.className &&","                    event.currentTarget.className.includes &&","                    event.currentTarget.className.includes('onreset'))) {","                // reset output","                Array.from(","                    document.querySelectorAll('body > .resettable')","                ).forEach(function (element) {","                    switch (element.tagName) {","                    case 'INPUT':","                    case 'TEXTAREA':","                        element.value = '';","                        break;","                    default:","                        element.textContent = '';","                    }","                });","            }","            switch (event && event.currentTarget && event.currentTarget.id) {","            case 'testRunButton1':","                // show tests","                if (document.querySelector('#testReportDiv1').style.display === 'none') {","                    document.querySelector('#testReportDiv1').style.display = 'block';","                    document.querySelector('#testRunButton1').textContent =","                        'hide internal test';","                    local.modeTest = true;","                    local.testRunDefault(local);","                // hide tests","                } else {","                    document.querySelector('#testReportDiv1').style.display = 'none';","                    document.querySelector('#testRunButton1').textContent = 'run internal test';","                }","                break;","            // custom-case","            default:","                break;","            }","            if (document.querySelector('#inputTextareaEval1') && (!event || (event &&","                    event.currentTarget &&","                    event.currentTarget.className &&","                    event.currentTarget.className.includes &&","                    event.currentTarget.className.includes('oneval')))) {","                // try to eval input-code","                try {","                    /*jslint evil: true*/","                    eval(document.querySelector('#inputTextareaEval1').value);","                } catch (errorCaught) {","                    console.error(errorCaught);","                }","            }","        };","        // log stderr and stdout to #outputTextareaStdout1","        ['error', 'log'].forEach(function (key) {","            console[key + '_original'] = console[key];","            console[key] = function () {","                var element;","                console[key + '_original'].apply(console, arguments);","                element = document.querySelector('#outputTextareaStdout1');","                if (!element) {","                    return;","                }","                // append text to #outputTextareaStdout1","                element.value += Array.from(arguments).map(function (arg) {","                    return typeof arg === 'string'","                        ? arg","                        : JSON.stringify(arg, null, 4);","                }).join(' ') + '\\n';","                // scroll textarea to bottom","                element.scrollTop = element.scrollHeight;","            };","        });","        // init event-handling","        ['change', 'click', 'keyup'].forEach(function (event) {","            Array.from(document.querySelectorAll('.on' + event)).forEach(function (element) {","                element.addEventListener(event, local.testRunBrowser);","            });","        });","        // run tests","        local.testRunBrowser();","        break;","","","","    // run node js-env code - post-init","    /* istanbul ignore next */","    case 'node':","        // export local","        module.exports = local;","        // require modules","        local.fs = require('fs');","        local.http = require('http');","        local.url = require('url');","        // init assets","        local.assetsDict = local.assetsDict || {};","        /* jslint-ignore-begin */","        local.assetsDict['/assets.index.template.html'] = '\\","<!doctype html>\\n\\","<html lang=\"en\">\\n\\","<head>\\n\\","<meta charset=\"UTF-8\">\\n\\","<meta name=\"viewport\" content=\"width=device-width, initial-scale=1\">\\n\\","<title>{{env.npm_package_name}} (v{{env.npm_package_version}})</title>\\n\\","<style>\\n\\","/*csslint\\n\\","    box-sizing: false,\\n\\","    universal-selector: false\\n\\","*/\\n\\","* {\\n\\","    box-sizing: border-box;\\n\\","}\\n\\","body {\\n\\","    background: #dde;\\n\\","    font-family: Arial, Helvetica, sans-serif;\\n\\","    margin: 2rem;\\n\\","}\\n\\","body > * {\\n\\","    margin-bottom: 1rem;\\n\\","}\\n\\",".utility2FooterDiv {\\n\\","    margin-top: 20px;\\n\\","    text-align: center;\\n\\","}\\n\\","</style>\\n\\","<style>\\n\\","/*csslint\\n\\","*/\\n\\","textarea {\\n\\","    font-family: monospace;\\n\\","    height: 10rem;\\n\\","    width: 100%;\\n\\","}\\n\\","textarea[readonly] {\\n\\","    background: #ddd;\\n\\","}\\n\\","</style>\\n\\","</head>\\n\\","<body>\\n\\","<!-- utility2-comment\\n\\","<div id=\"ajaxProgressDiv1\" style=\"background: #d00; height: 2px; left: 0; margin: 0; padding: 0; position: fixed; top: 0; transition: background 0.5s, width 1.5s; width: 25%;\"></div>\\n\\","utility2-comment -->\\n\\","<h1>\\n\\","<!-- utility2-comment\\n\\","    <a\\n\\","        {{#if env.npm_package_homepage}}\\n\\","        href=\"{{env.npm_package_homepage}}\"\\n\\","        {{/if env.npm_package_homepage}}\\n\\","        target=\"_blank\"\\n\\","    >\\n\\","utility2-comment -->\\n\\","        {{env.npm_package_name}} (v{{env.npm_package_version}})\\n\\","<!-- utility2-comment\\n\\","    </a>\\n\\","utility2-comment -->\\n\\","</h1>\\n\\","<h3>{{env.npm_package_description}}</h3>\\n\\","<!-- utility2-comment\\n\\","<h4><a download href=\"assets.app.js\">download standalone app</a></h4>\\n\\","<button class=\"onclick onreset\" id=\"testRunButton1\">run internal test</button><br>\\n\\","<div id=\"testReportDiv1\" style=\"display: none;\"></div>\\n\\","utility2-comment -->\\n\\","\\n\\","\\n\\","\\n\\","<label>stderr and stdout</label>\\n\\","<textarea class=\"resettable\" id=\"outputTextareaStdout1\" readonly></textarea>\\n\\","<!-- utility2-comment\\n\\","{{#if isRollup}}\\n\\","<script src=\"assets.app.js\"></script>\\n\\","{{#unless isRollup}}\\n\\","utility2-comment -->\\n\\","<script src=\"assets.utility2.rollup.js\"></script>\\n\\","<script src=\"jsonp.utility2._stateInit?callback=window.utility2._stateInit\"></script>\\n\\","<script src=\"assets.npmtest_browsernizr.rollup.js\"></script>\\n\\","<script src=\"assets.example.js\"></script>\\n\\","<script src=\"assets.test.js\"></script>\\n\\","<!-- utility2-comment\\n\\","{{/if isRollup}}\\n\\","utility2-comment -->\\n\\","<div class=\"utility2FooterDiv\">\\n\\","    [ this app was created with\\n\\","    <a href=\"https://github.com/kaizhu256/node-utility2\" target=\"_blank\">utility2</a>\\n\\","    ]\\n\\","</div>\\n\\","</body>\\n\\","</html>\\n\\","';","        /* jslint-ignore-end */","        if (local.templateRender) {","            local.assetsDict['/'] = local.templateRender(","                local.assetsDict['/assets.index.template.html'],","                {","                    env: local.objectSetDefault(local.env, {","                        npm_package_description: 'the greatest app in the world!',","                        npm_package_name: 'my-app',","                        npm_package_nameAlias: 'my_app',","                        npm_package_version: '0.0.1'","                    })","                }","            );","        } else {","            local.assetsDict['/'] = local.assetsDict['/assets.index.template.html']","                .replace((/\\{\\{env\\.(\\w+?)\\}\\}/g), function (match0, match1) {","                    // jslint-hack","                    String(match0);","                    switch (match1) {","                    case 'npm_package_description':","                        return 'the greatest app in the world!';","                    case 'npm_package_name':","                        return 'my-app';","                    case 'npm_package_nameAlias':","                        return 'my_app';","                    case 'npm_package_version':","                        return '0.0.1';","                    }","                });","        }","        // run the cli","        if (local.global.utility2_rollup || module !== require.main) {","            break;","        }","        local.assetsDict['/assets.example.js'] =","            local.assetsDict['/assets.example.js'] ||","            local.fs.readFileSync(__filename, 'utf8');","        // bug-workaround - long $npm_package_buildCustomOrg","        /* jslint-ignore-begin */","        local.assetsDict['/assets.npmtest_browsernizr.rollup.js'] =","            local.assetsDict['/assets.npmtest_browsernizr.rollup.js'] ||","            local.fs.readFileSync(","                local.npmtest_browsernizr.__dirname + '/lib.npmtest_browsernizr.js',","                'utf8'","            ).replace((/^#!/), '//');","        /* jslint-ignore-end */","        local.assetsDict['/favicon.ico'] = local.assetsDict['/favicon.ico'] || '';","        // if $npm_config_timeout_exit exists,","        // then exit this process after $npm_config_timeout_exit ms","        if (Number(process.env.npm_config_timeout_exit)) {","            setTimeout(process.exit, Number(process.env.npm_config_timeout_exit));","        }","        // start server","        if (local.global.utility2_serverHttp1) {","            break;","        }","        process.env.PORT = process.env.PORT || '8081';","        console.error('server starting on port ' + process.env.PORT);","        local.http.createServer(function (request, response) {","            request.urlParsed = local.url.parse(request.url);","            if (local.assetsDict[request.urlParsed.pathname] !== undefined) {","                response.end(local.assetsDict[request.urlParsed.pathname]);","                return;","            }","            response.statusCode = 404;","            response.end();","        }).listen(process.env.PORT);","        break;","    }","}());",""],"l":{"26":2,"28":2,"33":2,"35":2,"37":2,"38":2,"39":2,"44":1,"51":2,"55":2,"59":2,"61":2,"69":1,"70":2,"76":2,"79":2,"82":2,"83":2,"85":1,"89":2,"92":1,"93":1,"94":1,"96":1,"97":1,"100":1,"101":1,"103":1,"106":1,"108":2,"114":1,"116":1,"118":1,"123":1,"124":2,"125":2,"126":3,"127":3,"128":3,"129":3,"130":1,"133":3,"134":3,"139":3,"143":1,"144":3,"145":1,"149":1,"150":1,"158":1,"160":1,"161":1,"162":1,"164":1,"166":1,"258":1,"259":1,"271":1,"274":6,"275":6,"277":1,"279":2,"281":1,"283":2,"288":1,"289":1,"291":1,"296":1,"303":1,"306":1,"307":1,"310":1,"311":1,"313":1,"314":1,"315":1,"316":1,"317":1,"318":1,"319":1,"321":1,"322":1,"324":1}},"/home/travis/build/npmtest/node-npmtest-browsernizr/node_modules/browsernizr/index.js":{"path":"/home/travis/build/npmtest/node-npmtest-browsernizr/node_modules/browsernizr/index.js","s":{"1":2,"2":0,"3":0,"4":0,"5":0,"6":0,"7":0,"8":0},"b":{},"f":{},"fnMap":{},"statementMap":{"1":{"start":{"line":1,"column":0},"end":{"line":5,"column":45}},"2":{"start":{"line":8,"column":0},"end":{"line":8,"column":13}},"3":{"start":{"line":11,"column":0},"end":{"line":11,"column":20}},"4":{"start":{"line":13,"column":0},"end":{"line":13,"column":30}},"5":{"start":{"line":14,"column":0},"end":{"line":14,"column":35}},"6":{"start":{"line":17,"column":0},"end":{"line":19,"column":1}},"7":{"start":{"line":18,"column":2},"end":{"line":18,"column":20}},"8":{"start":{"line":21,"column":0},"end":{"line":21,"column":27}}},"branchMap":{},"code":["var Modernizr = require('./lib/Modernizr'),","    ModernizrProto = require('./lib/ModernizrProto'),","    classes = require('./lib/classes'),","    testRunner = require('./lib/testRunner'),","    setClasses = require('./lib/setClasses');","","// Run each test","testRunner();","","// Remove the \"no-js\" class if it exists","setClasses(classes);","","delete ModernizrProto.addTest;","delete ModernizrProto.addAsyncTest;","","// Run the things that are supposed to run after the tests","for (var i = 0; i < Modernizr._q.length; i++) {","  Modernizr._q[i]();","}","","module.exports = Modernizr;",""],"l":{"1":2,"8":0,"11":0,"13":0,"14":0,"17":0,"18":0,"21":0}},"/home/travis/build/npmtest/node-npmtest-browsernizr/node_modules/browsernizr/lib/Modernizr.js":{"path":"/home/travis/build/npmtest/node-npmtest-browsernizr/node_modules/browsernizr/lib/Modernizr.js","s":{"1":1,"2":1,"3":1,"4":1,"5":1},"b":{},"f":{"1":1},"fnMap":{"1":{"name":"(anonymous_1)","line":3,"loc":{"start":{"line":3,"column":18},"end":{"line":3,"column":29}}}},"statementMap":{"1":{"start":{"line":1,"column":0},"end":{"line":1,"column":52}},"2":{"start":{"line":3,"column":2},"end":{"line":3,"column":32}},"3":{"start":{"line":4,"column":2},"end":{"line":4,"column":39}},"4":{"start":{"line":8,"column":2},"end":{"line":8,"column":30}},"5":{"start":{"line":10,"column":2},"end":{"line":10,"column":29}}},"branchMap":{},"code":["var ModernizrProto = require('./ModernizrProto.js');","  // Fake some of Object.create so we can force non test results to be non \"own\" properties.","  var Modernizr = function() {};","  Modernizr.prototype = ModernizrProto;","","  // Leak modernizr globally when you `require` it rather than force it here.","  // Overwrite name so constructor name is nicer :D","  Modernizr = new Modernizr();","","  module.exports = Modernizr;","",""],"l":{"1":1,"3":1,"4":1,"8":1,"10":1}},"/home/travis/build/npmtest/node-npmtest-browsernizr/node_modules/browsernizr/lib/ModernizrProto.js":{"path":"/home/travis/build/npmtest/node-npmtest-browsernizr/node_modules/browsernizr/lib/ModernizrProto.js","s":{"1":1,"2":1,"3":0,"4":0,"5":0,"6":0,"7":0,"8":1},"b":{},"f":{"1":0,"2":0,"3":0,"4":0},"fnMap":{"1":{"name":"(anonymous_1)","line":27,"loc":{"start":{"line":27,"column":8},"end":{"line":27,"column":27}}},"2":{"name":"(anonymous_2)","line":35,"loc":{"start":{"line":35,"column":17},"end":{"line":35,"column":28}}},"3":{"name":"(anonymous_3)","line":40,"loc":{"start":{"line":40,"column":13},"end":{"line":40,"column":41}}},"4":{"name":"(anonymous_4)","line":44,"loc":{"start":{"line":44,"column":18},"end":{"line":44,"column":31}}}},"statementMap":{"1":{"start":{"line":1,"column":0},"end":{"line":1,"column":34}},"2":{"start":{"line":10,"column":2},"end":{"line":47,"column":4}},"3":{"start":{"line":34,"column":6},"end":{"line":34,"column":22}},"4":{"start":{"line":35,"column":6},"end":{"line":37,"column":12}},"5":{"start":{"line":36,"column":8},"end":{"line":36,"column":23}},"6":{"start":{"line":41,"column":6},"end":{"line":41,"column":57}},"7":{"start":{"line":45,"column":6},"end":{"line":45,"column":39}},"8":{"start":{"line":49,"column":2},"end":{"line":49,"column":34}}},"branchMap":{},"code":["var tests = require('./tests.js');","  /**","   *","   * ModernizrProto is the constructor for Modernizr","   *","   * @class","   * @access public","   */","","  var ModernizrProto = {","    // The current version, dummy","    _version: '3.4.0 (browsernizr 2.2.0)',","","    // Any settings that don't work as separate modules","    // can go in here as configuration.","    _config: {","      'classPrefix': '',","      'enableClasses': true,","      'enableJSClass': true,","      'usePrefixes': true","    },","","    // Queue of tests","    _q: [],","","    // Stub these for people who are listening","    on: function(test, cb) {","      // I don't really think people should do this, but we can","      // safe guard it a bit.","      // -- NOTE:: this gets WAY overridden in src/addTest for actual async tests.","      // This is in case people listen to synchronous tests. I would leave it out,","      // but the code to *disallow* sync tests in the real version of this","      // function is actually larger than this.","      var self = this;","      setTimeout(function() {","        cb(self[test]);","      }, 0);","    },","","    addTest: function(name, fn, options) {","      tests.push({name: name, fn: fn, options: options});","    },","","    addAsyncTest: function(fn) {","      tests.push({name: null, fn: fn});","    }","  };","","  module.exports = ModernizrProto;","",""],"l":{"1":1,"10":1,"34":0,"35":0,"36":0,"41":0,"45":0,"49":1}},"/home/travis/build/npmtest/node-npmtest-browsernizr/node_modules/browsernizr/lib/tests.js":{"path":"/home/travis/build/npmtest/node-npmtest-browsernizr/node_modules/browsernizr/lib/tests.js","s":{"1":1,"2":1},"b":{},"f":{},"fnMap":{},"statementMap":{"1":{"start":{"line":2,"column":2},"end":{"line":2,"column":17}},"2":{"start":{"line":3,"column":2},"end":{"line":3,"column":25}}},"branchMap":{},"code":["","  var tests = [];","  module.exports = tests;","",""],"l":{"2":1,"3":1}},"/home/travis/build/npmtest/node-npmtest-browsernizr/node_modules/browsernizr/lib/classes.js":{"path":"/home/travis/build/npmtest/node-npmtest-browsernizr/node_modules/browsernizr/lib/classes.js","s":{"1":1,"2":1},"b":{},"f":{},"fnMap":{},"statementMap":{"1":{"start":{"line":2,"column":2},"end":{"line":2,"column":19}},"2":{"start":{"line":3,"column":2},"end":{"line":3,"column":27}}},"branchMap":{},"code":["","  var classes = [];","  module.exports = classes;","",""],"l":{"2":1,"3":1}},"/home/travis/build/npmtest/node-npmtest-browsernizr/node_modules/browsernizr/lib/testRunner.js":{"path":"/home/travis/build/npmtest/node-npmtest-browsernizr/node_modules/browsernizr/lib/testRunner.js","s":{"1":1,"2":1,"3":1,"4":1,"5":1,"6":0,"7":0,"8":0,"9":0,"10":0,"11":0,"12":0,"13":0,"14":0,"15":0,"16":0,"17":0,"18":0,"19":0,"20":0,"21":0,"22":0,"23":0,"24":0,"25":0,"26":0,"27":0,"28":0,"29":0,"30":0,"31":0,"32":1},"b":{"1":[0,0],"2":[0,0],"3":[0,0],"4":[0,0,0],"5":[0,0],"6":[0,0],"7":[0,0],"8":[0,0],"9":[0,0]},"f":{"1":0},"fnMap":{"1":{"name":"testRunner","line":11,"loc":{"start":{"line":11,"column":2},"end":{"line":11,"column":24}}}},"statementMap":{"1":{"start":{"line":1,"column":0},"end":{"line":1,"column":34}},"2":{"start":{"line":2,"column":0},"end":{"line":2,"column":42}},"3":{"start":{"line":3,"column":0},"end":{"line":3,"column":38}},"4":{"start":{"line":4,"column":0},"end":{"line":4,"column":28}},"5":{"start":{"line":11,"column":2},"end":{"line":72,"column":3}},"6":{"start":{"line":12,"column":4},"end":{"line":12,"column":21}},"7":{"start":{"line":13,"column":4},"end":{"line":13,"column":16}},"8":{"start":{"line":14,"column":4},"end":{"line":14,"column":17}},"9":{"start":{"line":15,"column":4},"end":{"line":15,"column":15}},"10":{"start":{"line":16,"column":4},"end":{"line":16,"column":16}},"11":{"start":{"line":17,"column":4},"end":{"line":17,"column":20}},"12":{"start":{"line":18,"column":4},"end":{"line":18,"column":25}},"13":{"start":{"line":20,"column":4},"end":{"line":71,"column":5}},"14":{"start":{"line":21,"column":6},"end":{"line":70,"column":7}},"15":{"start":{"line":22,"column":8},"end":{"line":22,"column":26}},"16":{"start":{"line":23,"column":8},"end":{"line":23,"column":36}},"17":{"start":{"line":31,"column":8},"end":{"line":40,"column":9}},"18":{"start":{"line":32,"column":10},"end":{"line":32,"column":56}},"19":{"start":{"line":34,"column":10},"end":{"line":39,"column":11}},"20":{"start":{"line":36,"column":12},"end":{"line":38,"column":13}},"21":{"start":{"line":37,"column":14},"end":{"line":37,"column":81}},"22":{"start":{"line":43,"column":8},"end":{"line":43,"column":72}},"23":{"start":{"line":47,"column":8},"end":{"line":69,"column":9}},"24":{"start":{"line":48,"column":10},"end":{"line":48,"column":46}},"25":{"start":{"line":55,"column":10},"end":{"line":55,"column":52}},"26":{"start":{"line":57,"column":10},"end":{"line":66,"column":11}},"27":{"start":{"line":58,"column":12},"end":{"line":58,"column":52}},"28":{"start":{"line":61,"column":12},"end":{"line":63,"column":13}},"29":{"start":{"line":62,"column":14},"end":{"line":62,"column":91}},"30":{"start":{"line":65,"column":12},"end":{"line":65,"column":73}},"31":{"start":{"line":68,"column":10},"end":{"line":68,"column":75}},"32":{"start":{"line":73,"column":2},"end":{"line":73,"column":30}}},"branchMap":{"1":{"line":21,"type":"if","locations":[{"start":{"line":21,"column":6},"end":{"line":21,"column":6}},{"start":{"line":21,"column":6},"end":{"line":21,"column":6}}]},"2":{"line":31,"type":"if","locations":[{"start":{"line":31,"column":8},"end":{"line":31,"column":8}},{"start":{"line":31,"column":8},"end":{"line":31,"column":8}}]},"3":{"line":34,"type":"if","locations":[{"start":{"line":34,"column":10},"end":{"line":34,"column":10}},{"start":{"line":34,"column":10},"end":{"line":34,"column":10}}]},"4":{"line":34,"type":"binary-expr","locations":[{"start":{"line":34,"column":14},"end":{"line":34,"column":29}},{"start":{"line":34,"column":33},"end":{"line":34,"column":56}},{"start":{"line":34,"column":60},"end":{"line":34,"column":90}}]},"5":{"line":43,"type":"cond-expr","locations":[{"start":{"line":43,"column":46},"end":{"line":43,"column":58}},{"start":{"line":43,"column":61},"end":{"line":43,"column":71}}]},"6":{"line":57,"type":"if","locations":[{"start":{"line":57,"column":10},"end":{"line":57,"column":10}},{"start":{"line":57,"column":10},"end":{"line":57,"column":10}}]},"7":{"line":61,"type":"if","locations":[{"start":{"line":61,"column":12},"end":{"line":61,"column":12}},{"start":{"line":61,"column":12},"end":{"line":61,"column":12}}]},"8":{"line":61,"type":"binary-expr","locations":[{"start":{"line":61,"column":16},"end":{"line":61,"column":46}},{"start":{"line":61,"column":50},"end":{"line":61,"column":102}}]},"9":{"line":68,"type":"cond-expr","locations":[{"start":{"line":68,"column":33},"end":{"line":68,"column":35}},{"start":{"line":68,"column":38},"end":{"line":68,"column":43}}]}},"code":["var tests = require('./tests.js');","var Modernizr = require('./Modernizr.js');","var classes = require('./classes.js');","var is = require('./is.js');","  /**","   * Run through all tests and detect their support in the current UA.","   *","   * @access private","   */","","  function testRunner() {","    var featureNames;","    var feature;","    var aliasIdx;","    var result;","    var nameIdx;","    var featureName;","    var featureNameSplit;","","    for (var featureIdx in tests) {","      if (tests.hasOwnProperty(featureIdx)) {","        featureNames = [];","        feature = tests[featureIdx];","        // run the test, throw the return value into the Modernizr,","        // then based on that boolean, define an appropriate className","        // and push it into an array of classes we'll join later.","        //","        // If there is no name, it's an 'async' test that is run,","        // but not directly added to the object. That should","        // be done with a post-run addTest call.","        if (feature.name) {","          featureNames.push(feature.name.toLowerCase());","","          if (feature.options && feature.options.aliases && feature.options.aliases.length) {","            // Add all the aliases into the names list","            for (aliasIdx = 0; aliasIdx < feature.options.aliases.length; aliasIdx++) {","              featureNames.push(feature.options.aliases[aliasIdx].toLowerCase());","            }","          }","        }","","        // Run the test, or use the raw value if it's not a function","        result = is(feature.fn, 'function') ? feature.fn() : feature.fn;","","","        // Set each of the names on the Modernizr object","        for (nameIdx = 0; nameIdx < featureNames.length; nameIdx++) {","          featureName = featureNames[nameIdx];","          // Support dot properties as sub tests. We don't do checking to make sure","          // that the implied parent tests have been added. You must call them in","          // order (either in the test, or make the parent test a dependency).","          //","          // Cap it to TWO to make the logic simple and because who needs that kind of subtesting","          // hashtag famous last words","          featureNameSplit = featureName.split('.');","","          if (featureNameSplit.length === 1) {","            Modernizr[featureNameSplit[0]] = result;","          } else {","            // cast to a Boolean, if not one already","            if (Modernizr[featureNameSplit[0]] && !(Modernizr[featureNameSplit[0]] instanceof Boolean)) {","              Modernizr[featureNameSplit[0]] = new Boolean(Modernizr[featureNameSplit[0]]);","            }","","            Modernizr[featureNameSplit[0]][featureNameSplit[1]] = result;","          }","","          classes.push((result ? '' : 'no-') + featureNameSplit.join('-'));","        }","      }","    }","  }","  module.exports = testRunner;","",""],"l":{"1":1,"2":1,"3":1,"4":1,"11":1,"12":0,"13":0,"14":0,"15":0,"16":0,"17":0,"18":0,"20":0,"21":0,"22":0,"23":0,"31":0,"32":0,"34":0,"36":0,"37":0,"43":0,"47":0,"48":0,"55":0,"57":0,"58":0,"61":0,"62":0,"65":0,"68":0,"73":1}},"/home/travis/build/npmtest/node-npmtest-browsernizr/node_modules/browsernizr/lib/is.js":{"path":"/home/travis/build/npmtest/node-npmtest-browsernizr/node_modules/browsernizr/lib/is.js","s":{"1":1,"2":2,"3":1},"b":{},"f":{"1":2},"fnMap":{"1":{"name":"is","line":12,"loc":{"start":{"line":12,"column":2},"end":{"line":12,"column":25}}}},"statementMap":{"1":{"start":{"line":12,"column":2},"end":{"line":14,"column":3}},"2":{"start":{"line":13,"column":4},"end":{"line":13,"column":31}},"3":{"start":{"line":15,"column":2},"end":{"line":15,"column":22}}},"branchMap":{},"code":["","  /**","   * is returns a boolean if the typeof an obj is exactly type.","   *","   * @access private","   * @function is","   * @param {*} obj - A thing we want to check the type of","   * @param {string} type - A string to compare the typeof against","   * @returns {boolean}","   */","","  function is(obj, type) {","    return typeof obj === type;","  }","  module.exports = is;","",""],"l":{"12":1,"13":2,"15":1}},"/home/travis/build/npmtest/node-npmtest-browsernizr/node_modules/browsernizr/lib/setClasses.js":{"path":"/home/travis/build/npmtest/node-npmtest-browsernizr/node_modules/browsernizr/lib/setClasses.js","s":{"1":6,"2":6,"3":0,"4":1,"5":0,"6":0,"7":0,"8":0,"9":0,"10":0,"11":0,"12":0,"13":0,"14":0,"15":0,"16":0,"17":0},"b":{"1":[0,0],"2":[0,0],"3":[0,0],"4":[0,0],"5":[0,0]},"f":{"1":0},"fnMap":{"1":{"name":"setClasses","line":14,"loc":{"start":{"line":14,"column":2},"end":{"line":14,"column":31}}}},"statementMap":{"1":{"start":{"line":1,"column":0},"end":{"line":1,"column":42}},"2":{"start":{"line":2,"column":0},"end":{"line":2,"column":44}},"3":{"start":{"line":3,"column":0},"end":{"line":3,"column":34}},"4":{"start":{"line":14,"column":2},"end":{"line":39,"column":3}},"5":{"start":{"line":15,"column":4},"end":{"line":15,"column":41}},"6":{"start":{"line":16,"column":4},"end":{"line":16,"column":58}},"7":{"start":{"line":18,"column":4},"end":{"line":20,"column":5}},"8":{"start":{"line":19,"column":6},"end":{"line":19,"column":36}},"9":{"start":{"line":24,"column":4},"end":{"line":27,"column":5}},"10":{"start":{"line":25,"column":6},"end":{"line":25,"column":70}},"11":{"start":{"line":26,"column":6},"end":{"line":26,"column":71}},"12":{"start":{"line":29,"column":4},"end":{"line":37,"column":5}},"13":{"start":{"line":31,"column":6},"end":{"line":31,"column":71}},"14":{"start":{"line":32,"column":6},"end":{"line":36,"column":7}},"15":{"start":{"line":33,"column":8},"end":{"line":33,"column":49}},"16":{"start":{"line":35,"column":8},"end":{"line":35,"column":41}},"17":{"start":{"line":41,"column":2},"end":{"line":41,"column":30}}},"branchMap":{"1":{"line":16,"type":"binary-expr","locations":[{"start":{"line":16,"column":22},"end":{"line":16,"column":51}},{"start":{"line":16,"column":55},"end":{"line":16,"column":57}}]},"2":{"line":18,"type":"if","locations":[{"start":{"line":18,"column":4},"end":{"line":18,"column":4}},{"start":{"line":18,"column":4},"end":{"line":18,"column":4}}]},"3":{"line":24,"type":"if","locations":[{"start":{"line":24,"column":4},"end":{"line":24,"column":4}},{"start":{"line":24,"column":4},"end":{"line":24,"column":4}}]},"4":{"line":29,"type":"if","locations":[{"start":{"line":29,"column":4},"end":{"line":29,"column":4}},{"start":{"line":29,"column":4},"end":{"line":29,"column":4}}]},"5":{"line":32,"type":"if","locations":[{"start":{"line":32,"column":6},"end":{"line":32,"column":6}},{"start":{"line":32,"column":6},"end":{"line":32,"column":6}}]}},"code":["var Modernizr = require('./Modernizr.js');","var docElement = require('./docElement.js');","var isSVG = require('./isSVG.js');","  /**","   * setClasses takes an array of class names and adds them to the root element","   *","   * @access private","   * @function setClasses","   * @param {string[]} classes - Array of class names","   */","","  // Pass in an and array of class names, e.g.:","  //  ['no-webp', 'borderradius', ...]","  function setClasses(classes) {","    var className = docElement.className;","    var classPrefix = Modernizr._config.classPrefix || '';","","    if (isSVG) {","      className = className.baseVal;","    }","","    // Change `no-js` to `js` (independently of the `enableClasses` option)","    // Handle classPrefix on this too","    if (Modernizr._config.enableJSClass) {","      var reJS = new RegExp('(^|\\\\s)' + classPrefix + 'no-js(\\\\s|$)');","      className = className.replace(reJS, '$1' + classPrefix + 'js$2');","    }","","    if (Modernizr._config.enableClasses) {","      // Add the new classes","      className += ' ' + classPrefix + classes.join(' ' + classPrefix);","      if (isSVG) {","        docElement.className.baseVal = className;","      } else {","        docElement.className = className;","      }","    }","","  }","","  module.exports = setClasses;","",""],"l":{"1":6,"2":6,"3":0,"14":1,"15":0,"16":0,"18":0,"19":0,"24":0,"25":0,"26":0,"29":0,"31":0,"32":0,"33":0,"35":0,"41":0}},"/home/travis/build/npmtest/node-npmtest-browsernizr/node_modules/browsernizr/lib/docElement.js":{"path":"/home/travis/build/npmtest/node-npmtest-browsernizr/node_modules/browsernizr/lib/docElement.js","s":{"1":48,"2":0},"b":{},"f":{},"fnMap":{},"statementMap":{"1":{"start":{"line":9,"column":2},"end":{"line":9,"column":44}},"2":{"start":{"line":10,"column":2},"end":{"line":10,"column":30}}},"branchMap":{},"code":["","  /**","   * docElement is a convenience wrapper to grab the root element of the document","   *","   * @access private","   * @returns {HTMLElement|SVGElement} The root element of the document","   */","","  var docElement = document.documentElement;","  module.exports = docElement;","",""],"l":{"9":48,"10":0}},"/home/travis/build/npmtest/node-npmtest-browsernizr/node_modules/browsernizr/lib/addTest.js":{"path":"/home/travis/build/npmtest/node-npmtest-browsernizr/node_modules/browsernizr/lib/addTest.js","s":{"1":2,"2":2,"3":2,"4":2,"5":0,"6":0,"7":0,"8":0,"9":0,"10":0,"11":0,"12":0,"13":0,"14":0,"15":0,"16":0,"17":0,"18":0,"19":0,"20":0,"21":0,"22":0,"23":1,"24":0,"25":0,"26":0,"27":0,"28":0,"29":0,"30":0,"31":0,"32":0,"33":0,"34":0,"35":0,"36":0,"37":0,"38":0,"39":0,"40":0,"41":0,"42":0,"43":0,"44":0,"45":0,"46":0},"b":{"1":[0,0],"2":[0,0],"3":[0,0],"4":[0,0],"5":[0,0],"6":[0,0],"7":[0,0],"8":[0,0],"9":[0,0],"10":[0,0],"11":[0,0],"12":[0,0],"13":[0,0]},"f":{"1":0,"2":0,"3":0,"4":0,"5":0,"6":0},"fnMap":{"1":{"name":"(anonymous_1)","line":33,"loc":{"start":{"line":33,"column":22},"end":{"line":33,"column":44}}},"2":{"name":"(anonymous_2)","line":45,"loc":{"start":{"line":45,"column":17},"end":{"line":45,"column":28}}},"3":{"name":"(anonymous_3)","line":64,"loc":{"start":{"line":64,"column":28},"end":{"line":64,"column":51}}},"4":{"name":"(anonymous_4)","line":72,"loc":{"start":{"line":72,"column":15},"end":{"line":72,"column":26}}},"5":{"name":"addTest","line":153,"loc":{"start":{"line":153,"column":2},"end":{"line":153,"column":34}}},"6":{"name":"(anonymous_6)","line":206,"loc":{"start":{"line":206,"column":20},"end":{"line":206,"column":31}}}},"statementMap":{"1":{"start":{"line":1,"column":0},"end":{"line":1,"column":52}},"2":{"start":{"line":2,"column":0},"end":{"line":2,"column":42}},"3":{"start":{"line":3,"column":0},"end":{"line":3,"column":44}},"4":{"start":{"line":4,"column":0},"end":{"line":4,"column":44}},"5":{"start":{"line":7,"column":2},"end":{"line":7,"column":25}},"6":{"start":{"line":33,"column":2},"end":{"line":49,"column":4}},"7":{"start":{"line":35,"column":4},"end":{"line":37,"column":5}},"8":{"start":{"line":36,"column":6},"end":{"line":36,"column":28}},"9":{"start":{"line":40,"column":4},"end":{"line":40,"column":30}},"10":{"start":{"line":43,"column":4},"end":{"line":48,"column":5}},"11":{"start":{"line":45,"column":6},"end":{"line":47,"column":12}},"12":{"start":{"line":46,"column":8},"end":{"line":46,"column":56}},"13":{"start":{"line":64,"column":2},"end":{"line":82,"column":4}},"14":{"start":{"line":65,"column":4},"end":{"line":67,"column":5}},"15":{"start":{"line":66,"column":6},"end":{"line":66,"column":13}},"16":{"start":{"line":69,"column":4},"end":{"line":69,"column":31}},"17":{"start":{"line":72,"column":4},"end":{"line":78,"column":10}},"18":{"start":{"line":73,"column":6},"end":{"line":73,"column":16}},"19":{"start":{"line":74,"column":6},"end":{"line":77,"column":7}},"20":{"start":{"line":75,"column":8},"end":{"line":75,"column":20}},"21":{"start":{"line":76,"column":8},"end":{"line":76,"column":16}},"22":{"start":{"line":81,"column":4},"end":{"line":81,"column":28}},"23":{"start":{"line":153,"column":2},"end":{"line":203,"column":3}},"24":{"start":{"line":155,"column":4},"end":{"line":200,"column":5}},"25":{"start":{"line":156,"column":6},"end":{"line":160,"column":7}},"26":{"start":{"line":157,"column":8},"end":{"line":159,"column":9}},"27":{"start":{"line":158,"column":10},"end":{"line":158,"column":39}},"28":{"start":{"line":163,"column":6},"end":{"line":163,"column":38}},"29":{"start":{"line":164,"column":6},"end":{"line":164,"column":48}},"30":{"start":{"line":165,"column":6},"end":{"line":165,"column":48}},"31":{"start":{"line":168,"column":6},"end":{"line":170,"column":7}},"32":{"start":{"line":169,"column":8},"end":{"line":169,"column":41}},"33":{"start":{"line":172,"column":6},"end":{"line":179,"column":7}},"34":{"start":{"line":178,"column":8},"end":{"line":178,"column":25}},"35":{"start":{"line":181,"column":6},"end":{"line":181,"column":55}},"36":{"start":{"line":184,"column":6},"end":{"line":193,"column":7}},"37":{"start":{"line":185,"column":8},"end":{"line":185,"column":46}},"38":{"start":{"line":188,"column":8},"end":{"line":190,"column":9}},"39":{"start":{"line":189,"column":10},"end":{"line":189,"column":87}},"40":{"start":{"line":192,"column":8},"end":{"line":192,"column":67}},"41":{"start":{"line":196,"column":6},"end":{"line":196,"column":88}},"42":{"start":{"line":199,"column":6},"end":{"line":199,"column":40}},"43":{"start":{"line":202,"column":4},"end":{"line":202,"column":21}},"44":{"start":{"line":206,"column":2},"end":{"line":208,"column":5}},"45":{"start":{"line":207,"column":4},"end":{"line":207,"column":37}},"46":{"start":{"line":210,"column":2},"end":{"line":210,"column":27}}},"branchMap":{"1":{"line":35,"type":"if","locations":[{"start":{"line":35,"column":4},"end":{"line":35,"column":4}},{"start":{"line":35,"column":4},"end":{"line":35,"column":4}}]},"2":{"line":43,"type":"if","locations":[{"start":{"line":43,"column":4},"end":{"line":43,"column":4}},{"start":{"line":43,"column":4},"end":{"line":43,"column":4}}]},"3":{"line":65,"type":"if","locations":[{"start":{"line":65,"column":4},"end":{"line":65,"column":4}},{"start":{"line":65,"column":4},"end":{"line":65,"column":4}}]},"4":{"line":155,"type":"if","locations":[{"start":{"line":155,"column":4},"end":{"line":155,"column":4}},{"start":{"line":155,"column":4},"end":{"line":155,"column":4}}]},"5":{"line":157,"type":"if","locations":[{"start":{"line":157,"column":8},"end":{"line":157,"column":8}},{"start":{"line":157,"column":8},"end":{"line":157,"column":8}}]},"6":{"line":168,"type":"if","locations":[{"start":{"line":168,"column":6},"end":{"line":168,"column":6}},{"start":{"line":168,"column":6},"end":{"line":168,"column":6}}]},"7":{"line":172,"type":"if","locations":[{"start":{"line":172,"column":6},"end":{"line":172,"column":6}},{"start":{"line":172,"column":6},"end":{"line":172,"column":6}}]},"8":{"line":181,"type":"cond-expr","locations":[{"start":{"line":181,"column":41},"end":{"line":181,"column":47}},{"start":{"line":181,"column":50},"end":{"line":181,"column":54}}]},"9":{"line":184,"type":"if","locations":[{"start":{"line":184,"column":6},"end":{"line":184,"column":6}},{"start":{"line":184,"column":6},"end":{"line":184,"column":6}}]},"10":{"line":188,"type":"if","locations":[{"start":{"line":188,"column":8},"end":{"line":188,"column":8}},{"start":{"line":188,"column":8},"end":{"line":188,"column":8}}]},"11":{"line":188,"type":"binary-expr","locations":[{"start":{"line":188,"column":12},"end":{"line":188,"column":42}},{"start":{"line":188,"column":46},"end":{"line":188,"column":98}}]},"12":{"line":196,"type":"cond-expr","locations":[{"start":{"line":196,"column":45},"end":{"line":196,"column":47}},{"start":{"line":196,"column":50},"end":{"line":196,"column":55}}]},"13":{"line":196,"type":"binary-expr","locations":[{"start":{"line":196,"column":19},"end":{"line":196,"column":25}},{"start":{"line":196,"column":29},"end":{"line":196,"column":42}}]}},"code":["var ModernizrProto = require('./ModernizrProto.js');","var Modernizr = require('./Modernizr.js');","var hasOwnProp = require('./hasOwnProp.js');","var setClasses = require('./setClasses.js');","","   // _l tracks listeners for async tests, as well as tests that execute after the initial run","  ModernizrProto._l = {};","","  /**","   * Modernizr.on is a way to listen for the completion of async tests. Being","   * asynchronous, they may not finish before your scripts run. As a result you","   * will get a possibly false negative `undefined` value.","   *","   * @memberof Modernizr","   * @name Modernizr.on","   * @access public","   * @function on","   * @param {string} feature - String name of the feature detect","   * @param {function} cb - Callback function returning a Boolean - true if feature is supported, false if not","   * @example","   *","   * ```js","   * Modernizr.on('flash', function( result ) {","   *   if (result) {","   *    // the browser has flash","   *   } else {","   *     // the browser does not have flash","   *   }","   * });","   * ```","   */","","  ModernizrProto.on = function(feature, cb) {","    // Create the list of listeners if it doesn't exist","    if (!this._l[feature]) {","      this._l[feature] = [];","    }","","    // Push this test on to the listener list","    this._l[feature].push(cb);","","    // If it's already been resolved, trigger it on next tick","    if (Modernizr.hasOwnProperty(feature)) {","      // Next Tick","      setTimeout(function() {","        Modernizr._trigger(feature, Modernizr[feature]);","      }, 0);","    }","  };","","  /**","   * _trigger is the private function used to signal test completion and run any","   * callbacks registered through [Modernizr.on](#modernizr-on)","   *","   * @memberof Modernizr","   * @name Modernizr._trigger","   * @access private","   * @function _trigger","   * @param {string} feature - string name of the feature detect","   * @param {function|boolean} [res] - A feature detection function, or the boolean =","   * result of a feature detection function","   */","","  ModernizrProto._trigger = function(feature, res) {","    if (!this._l[feature]) {","      return;","    }","","    var cbs = this._l[feature];","","    // Force async","    setTimeout(function() {","      var i, cb;","      for (i = 0; i < cbs.length; i++) {","        cb = cbs[i];","        cb(res);","      }","    }, 0);","","    // Don't trigger these again","    delete this._l[feature];","  };","","  /**","   * addTest allows you to define your own feature detects that are not currently","   * included in Modernizr (under the covers it's the exact same code Modernizr","   * uses for its own [feature detections](https://github.com/Modernizr/Modernizr/tree/master/feature-detects)). Just like the offical detects, the result","   * will be added onto the Modernizr object, as well as an appropriate className set on","   * the html element when configured to do so","   *","   * @memberof Modernizr","   * @name Modernizr.addTest","   * @optionName Modernizr.addTest()","   * @optionProp addTest","   * @access public","   * @function addTest","   * @param {string|object} feature - The string name of the feature detect, or an","   * object of feature detect names and test","   * @param {function|boolean} test - Function
[...]
urn result;","  };","","  ModernizrProto.prefixedCSSValue = prefixedCSSValue;","  module.exports = prefixedCSSValue;","",""],"l":{"1":2,"2":2,"3":2,"27":0,"28":0,"29":0,"30":0,"32":0,"33":0,"35":0,"36":0,"38":0,"39":0,"40":0,"44":0,"45":0,"48":0,"51":0,"52":0}},"/home/travis/build/npmtest/node-npmtest-browsernizr/node_modules/browsernizr/lib/prefixes.js":{"path":"/home/travis/build/npmtest/node-npmtest-browsernizr/node_modules/browsernizr/lib/prefixes.js","s":{"1":1,"2":1,"3":1,"4":1},"b":{"1":[1,0]},"f":{},"fnMap":{},"statementMap":{"1":{"start":{"line":1,"column":0},"end":{"line":1,"column":52}},"2":{"start":{"line":36,"column":2},"end":{"line":36,"column":105}},"3":{"start":{"line":39,"column":2},"end":{"line":39,"column":38}},"4":{"start":{"line":41,"column":2},"end":{"line":41,"column":28}}},"branchMap":{"1":{"line":36,"type":"cond-expr","locations":[{"start":{"line":36,"column":55},"end":{"line":36,"column":93}},{"start":{"line":36,"column":96},"end":{"line":36,"column":103}}]}},"code":["var ModernizrProto = require('./ModernizrProto.js');","  /**","   * List of property values to set for css tests. See ticket #21","   * http://git.io/vUGl4","   *","   * @memberof Modernizr","   * @name Modernizr._prefixes","   * @optionName Modernizr._prefixes","   * @optionProp prefixes","   * @access public","   * @example","   *","   * Modernizr._prefixes is the internal list of prefixes that we test against","   * inside of things like [prefixed](#modernizr-prefixed) and [prefixedCSS](#-code-modernizr-prefixedcss). It is simply","   * an array of kebab-case vendor prefixes you can use within your code.","   *","   * Some common use cases include","   *","   * Generating all possible prefixed version of a CSS property","   * ```js","   * var rule = Modernizr._prefixes.join('transform: rotate(20deg); ');","   *","   * rule === 'transform: rotate(20deg); webkit-transform: rotate(20deg); moz-transform: rotate(20deg); o-transform: rotate(20deg); ms-transform: rotate(20deg);'","   * ```","   *","   * Generating all possible prefixed version of a CSS value","   * ```js","   * rule = 'display:' +  Modernizr._prefixes.join('flex; display:') + 'flex';","   *","   * rule === 'display:flex; display:-webkit-flex; display:-moz-flex; display:-o-flex; display:-ms-flex; display:flex'","   * ```","   */","","  // we use ['',''] rather than an empty array in order to allow a pattern of .`join()`ing prefixes to test","  // values in feature detects to continue to work","  var prefixes = (ModernizrProto._config.usePrefixes ? ' -webkit- -moz- -o- -ms- '.split(' ') : ['','']);","","  // expose these for the plugin API. Look in the source for how to join() them against your input","  ModernizrProto._prefixes = prefixes;","","  module.exports = prefixes;","",""],"l":{"1":1,"36":1,"39":1,"41":1}},"/home/travis/build/npmtest/node-npmtest-browsernizr/node_modules/browsernizr/lib/roundedEquals.js":{"path":"/home/travis/build/npmtest/node-npmtest-browsernizr/node_modules/browsernizr/lib/roundedEquals.js","s":{"1":1,"2":0,"3":1},"b":{"1":[0,0,0]},"f":{"1":0},"fnMap":{"1":{"name":"roundedEquals","line":12,"loc":{"start":{"line":12,"column":2},"end":{"line":12,"column":31}}}},"statementMap":{"1":{"start":{"line":12,"column":2},"end":{"line":14,"column":3}},"2":{"start":{"line":13,"column":4},"end":{"line":13,"column":49}},"3":{"start":{"line":16,"column":2},"end":{"line":16,"column":33}}},"branchMap":{"1":{"line":13,"type":"binary-expr","locations":[{"start":{"line":13,"column":11},"end":{"line":13,"column":22}},{"start":{"line":13,"column":26},"end":{"line":13,"column":33}},{"start":{"line":13,"column":37},"end":{"line":13,"column":48}}]}},"code":["","  /**","   * roundedEquals takes two integers and checks if the first is within 1 of the second","   *","   * @access private","   * @function roundedEquals","   * @param {number} a","   * @param {number} b","   * @returns {boolean}","   */","","  function roundedEquals(a, b) {","    return a - 1 === b || a === b || a + 1 === b;","  }","","  module.exports = roundedEquals;","",""],"l":{"12":1,"13":0,"16":1}},"/home/travis/build/npmtest/node-npmtest-browsernizr/node_modules/browsernizr/lib/slice.js":{"path":"/home/travis/build/npmtest/node-npmtest-browsernizr/node_modules/browsernizr/lib/slice.js","s":{"1":1,"2":1,"3":1},"b":{},"f":{},"fnMap":{},"statementMap":{"1":{"start":{"line":1,"column":0},"end":{"line":1,"column":38}},"2":{"start":{"line":10,"column":2},"end":{"line":10,"column":28}},"3":{"start":{"line":11,"column":2},"end":{"line":11,"column":25}}},"branchMap":{},"code":["var classes = require('./classes.js');","  /**","   * slice exposes Array.prototype.slice to convert array-like objects to actual","   * arrays in a compact format without recreating new arrays over and over again","   * (which leads to decreased performance)","   *","   * @access private","   */","","  var slice = classes.slice;","  module.exports = slice;","",""],"l":{"1":1,"10":1,"11":1}},"/home/travis/build/npmtest/node-npmtest-browsernizr/node_modules/browsernizr/lib/testAllProps.js":{"path":"/home/travis/build/npmtest/node-npmtest-browsernizr/node_modules/browsernizr/lib/testAllProps.js","s":{"1":2,"2":2,"3":1,"4":0,"5":0,"6":0},"b":{},"f":{"1":0},"fnMap":{"1":{"name":"testAllProps","line":40,"loc":{"start":{"line":40,"column":2},"end":{"line":40,"column":52}}}},"statementMap":{"1":{"start":{"line":1,"column":0},"end":{"line":1,"column":52}},"2":{"start":{"line":2,"column":0},"end":{"line":2,"column":48}},"3":{"start":{"line":40,"column":2},"end":{"line":42,"column":3}},"4":{"start":{"line":41,"column":4},"end":{"line":41,"column":74}},"5":{"start":{"line":43,"column":2},"end":{"line":43,"column":45}},"6":{"start":{"line":44,"column":2},"end":{"line":44,"column":32}}},"branchMap":{},"code":["var ModernizrProto = require('./ModernizrProto.js');","var testPropsAll = require('./testPropsAll.js');","  /**","   * testAllProps determines whether a given CSS property is supported in the browser","   *","   * @memberof Modernizr","   * @name Modernizr.testAllProps","   * @optionName Modernizr.testAllProps()","   * @optionProp testAllProps","   * @access public","   * @function testAllProps","   * @param {string} prop - String naming the property to test (either camelCase or kebab-case)","   * @param {string} [value] - String of the value to test","   * @param {boolean} [skipValueTest=false] - Whether to skip testing that the value is supported when using non-native detection","   * @example","   *","   * testAllProps determines whether a given CSS property, in some prefixed form,","   * is supported by the browser.","   *","   * ```js","   * testAllProps('boxSizing')  // true","   * ```","   *","   * It can optionally be given a CSS value in string form to test if a property","   * value is valid","   *","   * ```js","   * testAllProps('display', 'block') // true","   * testAllProps('display', 'penguin') // false","   * ```","   *","   * A boolean can be passed as a third parameter to skip the value check when","   * native detection (@supports) isn't available.","   *","   * ```js","   * testAllProps('shapeOutside', 'content-box', true);","   * ```","   */","","  function testAllProps(prop, value, skipValueTest) {","    return testPropsAll(prop, undefined, undefined, value, skipValueTest);","  }","  ModernizrProto.testAllProps = testAllProps;","  module.exports = testAllProps;","",""],"l":{"1":2,"2":2,"40":1,"41":0,"43":0,"44":0}},"/home/travis/build/npmtest/node-npmtest-browsernizr/node_modules/browsernizr/lib/testDOMProps.js":{"path":"/home/travis/build/npmtest/node-npmtest-browsernizr/node_modules/browsernizr/lib/testDOMProps.js","s":{"1":1,"2":1,"3":1,"4":0,"5":0,"6":0,"7":0,"8":0,"9":0,"10":0,"11":0,"12":0,"13":0,"14":1},"b":{"1":[0,0],"2":[0,0],"3":[0,0],"4":[0,0]},"f":{"1":0},"fnMap":{"1":{"name":"testDOMProps","line":14,"loc":{"start":{"line":14,"column":2},"end":{"line":14,"column":42}}}},"statementMap":{"1":{"start":{"line":1,"column":0},"end":{"line":1,"column":28}},"2":{"start":{"line":2,"column":0},"end":{"line":2,"column":36}},"3":{"start":{"line":14,"column":2},"end":{"line":38,"column":3}},"4":{"start":{"line":15,"column":4},"end":{"line":15,"column":13}},"5":{"start":{"line":17,"column":4},"end":{"line":36,"column":5}},"6":{"start":{"line":18,"column":6},"end":{"line":35,"column":7}},"7":{"start":{"line":21,"column":8},"end":{"line":23,"column":9}},"8":{"start":{"line":22,"column":10},"end":{"line":22,"column":26}},"9":{"start":{"line":25,"column":8},"end":{"line":25,"column":29}},"10":{"start":{"line":28,"column":8},"end":{"line":31,"column":9}},"11":{"start":{"line":30,"column":10},"end":{"line":30,"column":43}},"12":{"start":{"line":34,"column":8},"end":{"line":34,"column":20}},"13":{"start":{"line":37,"column":4},"end":{"line":37,"column":17}},"14":{"start":{"line":40,"column":2},"end":{"line":40,"column":32}}},"branchMap":{"1":{"line":18,"type":"if","locations":[{"start":{"line":18,"column":6},"end":{"line":18,"column":6}},{"start":{"line":18,"column":6},"end":{"line":18,"column":6}}]},"2":{"line":21,"type":"if","locations":[{"start":{"line":21,"column":8},"end":{"line":21,"column":8}},{"start":{"line":21,"column":8},"end":{"line":21,"column":8}}]},"3":{"line":28,"type":"if","locations":[{"start":{"line":28,"column":8},"end":{"line":28,"column":8}},{"start":{"line":28,"column":8},"end":{"line":28,"column":8}}]},"4":{"line":30,"type":"binary-expr","locations":[{"start":{"line":30,"column":30},"end":{"line":30,"column":34}},{"start":{"line":30,"column":38},"end":{"line":30,"column":41}}]}},"code":["var is = require('./is.js');","var fnBind = require('./fnBind.js');","  /**","   * testDOMProps is a generic DOM property test; if a browser supports","   *   a certain property, it won't return undefined for it.","   *","   * @access private","   * @function testDOMProps","   * @param {array.<string>} props - An array of properties to test for","   * @param {object} obj - An object or Element you want to use to test the parameters again","   * @param {boolean|object} elem - An Element to bind the property lookup again. Use `false` to prevent the check","   * @returns {false|*} returns false if the prop is unsupported, otherwise the value that is supported","   */","  function testDOMProps(props, obj, elem) {","    var item;","","    for (var i in props) {","      if (props[i] in obj) {","","        // return the property name as a string","        if (elem === false) {","          return props[i];","        }","","        item = obj[props[i]];","","        // let's bind a function","        if (is(item, 'function')) {","          // bind to obj unless overriden","          return fnBind(item, elem || obj);","        }","","        // return the unbound function or obj or value","        return item;","      }","    }","    return false;","  }","","  module.exports = testDOMProps;","",""],"l":{"1":1,"2":1,"14":1,"15":0,"17":0,"18":0,"21":0,"22":0,"25":0,"28":0,"30":0,"34":0,"37":0,"40":1}},"/home/travis/build/npmtest/node-npmtest-browsernizr/node_modules/browsernizr/lib/testProp.js":{"path":"/home/travis/build/npmtest/node-npmtest-browsernizr/node_modules/browsernizr/lib/testProp.js","s":{"1":2,"2":2,"3":0,"4":0,"5":0},"b":{},"f":{"1":0},"fnMap":{"1":{"name":"(anonymous_1)","line":37,"loc":{"start":{"line":37,"column":43},"end":{"line":37,"column":75}}}},"statementMap":{"1":{"start":{"line":1,"column":0},"end":{"line":1,"column":52}},"2":{"start":{"line":2,"column":0},"end":{"line":2,"column":42}},"3":{"start":{"line":37,"column":2},"end":{"line":39,"column":4}},"4":{"start":{"line":38,"column":4},"end":{"line":38,"column":57}},"5":{"start":{"line":40,"column":2},"end":{"line":40,"column":28}}},"branchMap":{},"code":["var ModernizrProto = require('./ModernizrProto.js');","var testProps = require('./testProps.js');","  /**","   * testProp() investigates whether a given style property is recognized","   * Property names can be provided in either camelCase or kebab-case.","   *","   * @memberof Modernizr","   * @name Modernizr.testProp","   * @access public","   * @optionName Modernizr.testProp()","   * @optionProp testProp","   * @function testProp","   * @param {string} prop - Name of the CSS property to check","   * @param {string} [value] - Name of the CSS value to check","   * @param {boolean} [useValue] - Whether or not to check the value if @supports isn't supported","   * @returns {boolean}","   * @example","   *","   * Just like [testAllProps](#modernizr-testallprops), only it does not check any vendor prefixed","   * version of the string.","   *","   * Note that the property name must be provided in camelCase (e.g. boxSizing not box-sizing)","   *","   * ```js","   * Modernizr.testProp('pointerEvents')  // true","   * ```","   *","   * You can also provide a value as an optional second argument to check if a","   * specific value is supported","   *","   * ```js","   * Modernizr.testProp('pointerEvents', 'none') // true","   * Modernizr.testProp('pointerEvents', 'penguin') // false","   * ```","   */","","  var testProp = ModernizrProto.testProp = function(prop, value, useValue) {","    return testProps([prop], undefined, value, useValue);","  };","  module.exports = testProp;","",""],"l":{"1":2,"2":2,"37":0,"38":0,"40":0}},"/home/travis/build/npmtest/node-npmtest-browsernizr/node_modules/browsernizr/lib/testStyles.js":{"path":"/home/travis/build/npmtest/node-npmtest-browsernizr/node_modules/browsernizr/lib/testStyles.js","s":{"1":2,"2":2,"3":0,"4":0},"b":{},"f":{},"fnMap":{},"statementMap":{"1":{"start":{"line":1,"column":0},"end":{"line":1,"column":52}},"2":{"start":{"line":2,"column":0},"end":{"line":2,"column":70}},"3":{"start":{"line":60,"column":2},"end":{"line":60,"column":71}},"4":{"start":{"line":61,"column":2},"end":{"line":61,"column":30}}},"branchMap":{},"code":["var ModernizrProto = require('./ModernizrProto.js');","var injectElementWithStyles = require('./injectElementWithStyles.js');","  /**","   * testStyles injects an element with style element and some CSS rules","   *","   * @memberof Modernizr","   * @name Modernizr.testStyles","   * @optionName Modernizr.testStyles()","   * @optionProp testStyles","   * @access public","   * @function testStyles","   * @param {string} rule - String representing a css rule","   * @param {function} callback - A function that is used to test the injected element","   * @param {number} [nodes] - An integer representing the number of additional nodes you want injected","   * @param {string[]} [testnames] - An array of strings that are used as ids for the additional nodes","   * @returns {boolean}","   * @example","   *","   * `Modernizr.testStyles` takes a CSS rule and injects it onto the current page","   * along with (possibly multiple) DOM elements. This lets you check for features","   * that can not be detected by simply checking the [IDL](https://developer.mozilla.org/en-US/docs/Mozilla/Developer_guide/Interface_development_guide/IDL_interface_rules).","   *","   * ```js","   * Modernizr.testStyles('#modernizr { width: 9px; color: papayawhip; }', function(elem, rule) {","   *   // elem is the first DOM node in the page (by default #modernizr)","   *   // rule is the first argument you supplied - the CSS rule in string form","   *","   *   addTest('widthworks', elem.style.width === '9px')","   * });","   * ```","   *","   * If your test requires multiple nodes, you can include a third argument","   * indicating how many additional div elements to include on the page. The","   * additional nodes are injected as children of the `elem` that is returned as","   * the first argument to the callback.","   *","   * ```js","   * Modernizr.testStyles('#modernizr {width: 1px}; #modernizr2 {width: 2px}', function(elem) {","   *   document.getElementById('modernizr').style.width === '1px'; // true","   *   document.getElementById('modernizr2').style.width === '2px'; // true","   *   elem.firstChild === document.getElementById('modernizr2'); // true","   * }, 1);","   * ```","   *","   * By default, all of the additional elements have an ID of `modernizr[n]`, where","   * `n` is its index (e.g. the first additional, second overall is `#modernizr2`,","   * the second additional is `#modernizr3`, etc.).","   * If you want to have more meaningful IDs for your function, you can provide","   * them as the fourth argument, as an array of strings","   *","   * ```js","   * Modernizr.testStyles('#foo {width: 10px}; #bar {height: 20px}', function(elem) {","   *   elem.firstChild === document.getElementById('foo'); // true","   *   elem.lastChild === document.getElementById('bar'); // true","   * }, 2, ['foo', 'bar']);","   * ```","   *","   */","","  var testStyles = ModernizrProto.testStyles = injectElementWithStyles;","  module.exports = testStyles;","",""],"l":{"1":2,"2":2,"60":0,"61":0}},"/home/travis/build/npmtest/node-npmtest-browsernizr/node_modules/browsernizr/lib/testXhrType.js":{"path":"/home/travis/build/npmtest/node-npmtest-browsernizr/node_modules/browsernizr/lib/testXhrType.js","s":{"1":1,"2":0,"3":0,"4":0,"5":0,"6":0,"7":0,"8":0,"9":0,"10":1},"b":{"1":[0,0],"2":[0,0]},"f":{"1":0},"fnMap":{"1":{"name":"(anonymous_1)","line":13,"loc":{"start":{"line":13,"column":20},"end":{"line":13,"column":35}}}},"statementMap":{"1":{"start":{"line":13,"column":2},"end":{"line":25,"column":4}},"2":{"start":{"line":14,"column":4},"end":{"line":16,"column":5}},"3":{"start":{"line":15,"column":6},"end":{"line":15,"column":19}},"4":{"start":{"line":17,"column":4},"end":{"line":17,"column":35}},"5":{"start":{"line":18,"column":4},"end":{"line":18,"column":31}},"6":{"start":{"line":19,"column":4},"end":{"line":23,"column":5}},"7":{"start":{"line":20,"column":6},"end":{"line":20,"column":30}},"8":{"start":{"line":22,"column":6},"end":{"line":22,"column":19}},"9":{"start":{"line":24,"column":4},"end":{"line":24,"column":57}},"10":{"start":{"line":27,"column":2},"end":{"line":27,"column":31}}},"branchMap":{"1":{"line":14,"type":"if","locations":[{"start":{"line":14,"column":4},"end":{"line":14,"column":4}},{"start":{"line":14,"column":4},"end":{"line":14,"column":4}}]},"2":{"line":24,"type":"binary-expr","locations":[{"start":{"line":24,"column":11},"end":{"line":24,"column":28}},{"start":{"line":24,"column":32},"end":{"line":24,"column":56}}]}},"code":["","  /**","   * http://mathiasbynens.be/notes/xhr-responsetype-json#comment-4","   *","   * @access private","   * @function testXhrType","   * @param {string} type - String name of the XHR type you want to detect","   * @returns {boolean}","   * @author Mathias Bynens","   */","","  /* istanbul ignore next */","  var testXhrType = function(type) {","    if (typeof XMLHttpRequest == 'undefined') {","      return false;","    }","    var xhr = new XMLHttpRequest();","    xhr.open('get', '/', true);","    try {","      xhr.responseType = type;","    } catch (error) {","      return false;","    }","    return 'response' in xhr && xhr.responseType == type;","  };","","  module.exports = testXhrType;","",""],"l":{"13":1,"14":0,"15":0,"17":0,"18":0,"19":0,"20":0,"22":0,"24":0,"27":1}},"/home/travis/build/npmtest/node-npmtest-browsernizr/node_modules/browsernizr/lib/toStringFn.js":{"path":"/home/travis/build/npmtest/node-npmtest-browsernizr/node_modules/browsernizr/lib/toStringFn.js","s":{"1":1,"2":1},"b":{},"f":{},"fnMap":{},"statementMap":{"1":{"start":{"line":12,"column":2},"end":{"line":12,"column":33}},"2":{"start":{"line":13,"column":2},"end":{"line":13,"column":30}}},"branchMap":{},"code":["","  /**","   * Object.prototype.toString can be used with every object and allows you to","   * get its class easily. Abstracting it off of an object prevents situations","   * where the toString property has been overridden","   *","   * @access private","   * @function toStringFn","   * @returns {function} An abstracted toString function","   */","","  var toStringFn = ({}).toString;","  module.exports = toStringFn;","",""],"l":{"12":1,"13":1}}}